"../../../Engine/Content/EditorResources/S_Actor.ubulk" 0
"../../../Engine/Content/EditorResources/S_Actor.uasset" 1
"../../../Engine/Content/EditorResources/S_Actor.uexp" 2
"../../../Engine/Content/EditorResources/S_BoxReflectionCapture.uasset" 3
"../../../Engine/Content/EditorResources/S_BoxReflectionCapture.uexp" 4
"../../../Engine/Content/EngineResources/DefaultTexture.ubulk" 5
"../../../Engine/Content/EngineResources/DefaultTexture.uasset" 6
"../../../Engine/Content/EngineResources/DefaultTexture.uexp" 7
"../../../Engine/Content/EngineResources/DefaultTextureCube.uasset" 8
"../../../Engine/Content/EngineResources/DefaultTextureCube.uexp" 9
"../../../Engine/Content/EngineResources/DefaultVolumeTexture2D.uasset" 10
"../../../Engine/Content/EngineResources/DefaultVolumeTexture2D.uexp" 11
"../../../Engine/Content/EngineResources/DefaultVolumeTexture.uasset" 12
"../../../Engine/Content/EngineResources/DefaultVolumeTexture.uexp" 13
"../../../Engine/Content/EditorResources/S_Trigger.ubulk" 14
"../../../Engine/Content/EditorResources/S_Trigger.uasset" 15
"../../../Engine/Content/EditorResources/S_Trigger.uexp" 16
"../../../Engine/Content/EditorResources/S_TriggerBox.uasset" 17
"../../../Engine/Content/EditorResources/S_TriggerBox.uexp" 18
"../../../Engine/Content/EditorResources/S_TriggerCapsule.uasset" 19
"../../../Engine/Content/EditorResources/S_TriggerCapsule.uexp" 20
"../../../Engine/Content/EditorResources/S_TriggerSphere.uasset" 21
"../../../Engine/Content/EditorResources/S_TriggerSphere.uexp" 22
"../../../Engine/Content/EngineMeshes/Sphere.uasset" 23
"../../../Engine/Content/EngineMeshes/Sphere.uexp" 24
"../../../Engine/Content/EngineResources/GradientTexture0.uasset" 25
"../../../Engine/Content/EngineResources/GradientTexture0.uexp" 26
"../../../Engine/Content/EngineResources/Black.uasset" 27
"../../../Engine/Content/EngineResources/Black.uexp" 28
"../../../Engine/Content/VREditor/LaserPointer/VR_LaserPower_01.ubulk" 29
"../../../Engine/Content/VREditor/LaserPointer/VR_LaserPower_01.uasset" 30
"../../../Engine/Content/VREditor/LaserPointer/VR_LaserPower_01.uexp" 31
"../../../Engine/Content/VREditor/TransformGizmo/TransformGizmoMaterial.uasset" 32
"../../../Engine/Content/VREditor/TransformGizmo/TransformGizmoMaterial.uexp" 33
"../../../Engine/Content/VREditor/TransformGizmo/TranslucentTransformGizmoMaterial.uasset" 34
"../../../Engine/Content/VREditor/TransformGizmo/TranslucentTransformGizmoMaterial.uexp" 35
"../../../Engine/Content/VREditor/TransformGizmo/BoundingBoxCorner.uasset" 36
"../../../Engine/Content/VREditor/TransformGizmo/BoundingBoxCorner.uexp" 37
"../../../Engine/Content/VREditor/TransformGizmo/BoundingBoxEdge.uasset" 38
"../../../Engine/Content/VREditor/TransformGizmo/BoundingBoxEdge.uexp" 39
"../../../Engine/Content/VREditor/TransformGizmo/Main.uasset" 40
"../../../Engine/Content/VREditor/TransformGizmo/Main.uexp" 41
"../../../Engine/Content/VREditor/TransformGizmo/Xray.uasset" 42
"../../../Engine/Content/VREditor/TransformGizmo/Xray.uexp" 43
"../../../Engine/Content/VREditor/TransformGizmo/SM_Sequencer_Node.uasset" 44
"../../../Engine/Content/VREditor/TransformGizmo/SM_Sequencer_Node.uexp" 45
"../../../Engine/Content/EditorResources/S_Solver.ubulk" 46
"../../../Engine/Content/EditorResources/S_Solver.uasset" 47
"../../../Engine/Content/EditorResources/S_Solver.uexp" 48
"../../../Engine/Content/EditorMaterials/Camera/CineMat.uasset" 49
"../../../Engine/Content/EditorMaterials/Camera/CineMat.uexp" 50
"../../../Engine/Content/EditorMaterials/Camera/MI_CineMat_Rig.uasset" 51
"../../../Engine/Content/EditorMaterials/Camera/MI_CineMat_Rig.uexp" 52
"../../../Engine/Content/EditorMeshes/Camera/SM_CraneRig_Base.uasset" 53
"../../../Engine/Content/EditorMeshes/Camera/SM_CraneRig_Base.uexp" 54
"../../../Engine/Content/EditorMeshes/Camera/SM_CraneRig_Arm.uasset" 55
"../../../Engine/Content/EditorMeshes/Camera/SM_CraneRig_Arm.uexp" 56
"../../../Engine/Content/EditorMeshes/Camera/SM_CraneRig_Mount.uasset" 57
"../../../Engine/Content/EditorMeshes/Camera/SM_CraneRig_Mount.uexp" 58
"../../../Engine/Content/EditorMeshes/Camera/SM_CraneRig_Body.uasset" 59
"../../../Engine/Content/EditorMeshes/Camera/SM_CraneRig_Body.uexp" 60
"../../../Engine/Content/EditorMeshes/Camera/SM_RailRig_Track.uasset" 61
"../../../Engine/Content/EditorMeshes/Camera/SM_RailRig_Track.uexp" 62
"../../../Engine/Content/EditorMeshes/Camera/SM_RailRig_Mount.uasset" 63
"../../../Engine/Content/EditorMeshes/Camera/SM_RailRig_Mount.uexp" 64
"../../../Engine/Content/EngineMaterials/T_Default_Material_Grid_M.ubulk" 65
"../../../Engine/Content/EngineMaterials/T_Default_Material_Grid_M.uasset" 66
"../../../Engine/Content/EngineMaterials/T_Default_Material_Grid_M.uexp" 67
"../../../Engine/Content/EngineMaterials/T_Default_Material_Grid_N.ubulk" 68
"../../../Engine/Content/EngineMaterials/T_Default_Material_Grid_N.uasset" 69
"../../../Engine/Content/EngineMaterials/T_Default_Material_Grid_N.uexp" 70
"../../../Engine/Content/Functions/Engine_MaterialFunctions01/Opacity/CameraDepthFade.uasset" 71
"../../../Engine/Content/Functions/Engine_MaterialFunctions01/Opacity/CameraDepthFade.uexp" 72
"../../../Engine/Content/EngineMaterials/WorldGridMaterial.uasset" 73
"../../../Engine/Content/EngineMaterials/WorldGridMaterial.uexp" 74
"../../../Engine/Content/ArtTools/RenderToTexture/Meshes/S_1_Unit_Plane.uasset" 75
"../../../Engine/Content/ArtTools/RenderToTexture/Meshes/S_1_Unit_Plane.uexp" 76
"../../../Engine/Content/EditorMaterials/ParticleSystems/PSysThumbnail_NoImage.ubulk" 77
"../../../Engine/Content/EditorMaterials/ParticleSystems/PSysThumbnail_NoImage.uasset" 78
"../../../Engine/Content/EditorMaterials/ParticleSystems/PSysThumbnail_NoImage.uexp" 79
"../../../Engine/Content/EditorMaterials/ParticleSystems/PSysThumbnail_OOD.ubulk" 80
"../../../Engine/Content/EditorMaterials/ParticleSystems/PSysThumbnail_OOD.uasset" 81
"../../../Engine/Content/EditorMaterials/ParticleSystems/PSysThumbnail_OOD.uexp" 82
"../../../Engine/Content/EditorLandscapeResources/SplineEditorMeshMat.uasset" 83
"../../../Engine/Content/EditorLandscapeResources/SplineEditorMeshMat.uexp" 84
"../../../Engine/Content/EditorLandscapeResources/SplineEditorMesh.uasset" 85
"../../../Engine/Content/EditorLandscapeResources/SplineEditorMesh.uexp" 86
"../../../Engine/Plugins/Media/MediaPlate/Content/SM_MediaPlateScreen.uasset" 87
"../../../Engine/Plugins/Media/MediaPlate/Content/SM_MediaPlateScreen.uexp" 88
"../../../Engine/Content/EngineMaterials/DefaultBokeh.uasset" 89
"../../../Engine/Content/EngineMaterials/DefaultBokeh.uexp" 90
"../../../Engine/Content/EngineMaterials/MiniFont.uasset" 91
"../../../Engine/Content/EngineMaterials/MiniFont.uexp" 92
"../../../Engine/Content/EngineMaterials/WeightMapPlaceholderTexture.uasset" 93
"../../../Engine/Content/EngineMaterials/WeightMapPlaceholderTexture.uexp" 94
"../../../Engine/Content/EngineMaterials/WeightMapArrayPlaceholderTexture.uasset" 95
"../../../Engine/Content/EngineMaterials/WeightMapArrayPlaceholderTexture.uexp" 96
"../../../Engine/Content/EngineMaterials/DefaultWhiteGrid.ubulk" 97
"../../../Engine/Content/EngineMaterials/DefaultWhiteGrid.uasset" 98
"../../../Engine/Content/EngineMaterials/DefaultWhiteGrid.uexp" 99
"../../../Engine/Content/EngineMaterials/PreintegratedSkinBRDF.uasset" 100
"../../../Engine/Content/EngineMaterials/PreintegratedSkinBRDF.uexp" 101
"../../../Engine/Plugins/Runtime/MeshModelingToolset/Content/Materials/M_DynamicMeshComponentVtxColor.uasset" 102
"../../../Engine/Plugins/Runtime/MeshModelingToolset/Content/Materials/M_DynamicMeshComponentVtxColor.uexp" 103
"../../../Engine/Content/Functions/Engine_MaterialFunctions02/Utility/CameraDirectionVector.uasset" 104
"../../../Engine/Content/Functions/Engine_MaterialFunctions02/Utility/CameraDirectionVector.uexp" 105
"../../../Engine/Content/Functions/Engine_MaterialFunctions01/Volumetrics/BeersLaw.uasset" 106
"../../../Engine/Content/Functions/Engine_MaterialFunctions01/Volumetrics/BeersLaw.uexp" 107
"../../../Engine/Content/EngineMaterials/Good64x64TilingNoiseHighFreq.uasset" 108
"../../../Engine/Content/EngineMaterials/Good64x64TilingNoiseHighFreq.uexp" 109
"../../../Engine/Content/Functions/Engine_MaterialFunctions02/Texturing/ScreenAlignedPixelToPixelUVs.uasset" 110
"../../../Engine/Content/Functions/Engine_MaterialFunctions02/Texturing/ScreenAlignedPixelToPixelUVs.uexp" 111
"../../../Engine/Content/Functions/Engine_MaterialFunctions02/Utility/BreakOutFloat3Components.uasset" 112
"../../../Engine/Content/Functions/Engine_MaterialFunctions02/Utility/BreakOutFloat3Components.uexp" 113
"../../../Engine/Content/Functions/Engine_MaterialFunctions03/Math/RemapValueRange.uasset" 114
"../../../Engine/Content/Functions/Engine_MaterialFunctions03/Math/RemapValueRange.uexp" 115
"../../../Engine/Plugins/Editor/SpeedTreeImporter/Content/SpeedTree9/game_wind_noise.ubulk" 116
"../../../Engine/Plugins/Editor/SpeedTreeImporter/Content/SpeedTree9/game_wind_noise.uasset" 117
"../../../Engine/Plugins/Editor/SpeedTreeImporter/Content/SpeedTree9/game_wind_noise.uexp" 118
"../../../Engine/Plugins/Editor/SpeedTreeImporter/Content/SpeedTree9/UnpackDirection.uasset" 119
"../../../Engine/Plugins/Editor/SpeedTreeImporter/Content/SpeedTree9/UnpackDirection.uexp" 120
"../../../Engine/Content/Functions/Engine_MaterialFunctions02/ObjectLocalBounds.uasset" 121
"../../../Engine/Content/Functions/Engine_MaterialFunctions02/ObjectLocalBounds.uexp" 122
"../../../Engine/Content/Functions/Engine_MaterialFunctions02/UVs/BoundingBoxBased_0-1_UVW.uasset" 123
"../../../Engine/Content/Functions/Engine_MaterialFunctions02/UVs/BoundingBoxBased_0-1_UVW.uexp" 124
"../../../Engine/Content/Functions/Engine_MaterialFunctions02/Utility/VectorLength.uasset" 125
"../../../Engine/Content/Functions/Engine_MaterialFunctions02/Utility/VectorLength.uexp" 126
"../../../Engine/Plugins/Editor/SpeedTreeImporter/Content/SpeedTree9/UnpackInteger3.uasset" 127
"../../../Engine/Plugins/Editor/SpeedTreeImporter/Content/SpeedTree9/UnpackInteger3.uexp" 128
"../../../Engine/Plugins/Editor/SpeedTreeImporter/Content/SpeedTree9/SpeedTreeCameraFacing.uasset" 129
"../../../Engine/Plugins/Editor/SpeedTreeImporter/Content/SpeedTree9/SpeedTreeCameraFacing.uexp" 130
"../../../Engine/Content/Functions/Engine_MaterialFunctions02/WorldPositionOffset/ObjectScale.uasset" 131
"../../../Engine/Content/Functions/Engine_MaterialFunctions02/WorldPositionOffset/ObjectScale.uexp" 132
"../../../Engine/Content/Functions/Engine_MaterialFunctions02/SafeNormalize.uasset" 133
"../../../Engine/Content/Functions/Engine_MaterialFunctions02/SafeNormalize.uexp" 134
"../../../Engine/Plugins/Editor/SpeedTreeImporter/Content/SpeedTree9/SpeedTreeWindMotion.uasset" 135
"../../../Engine/Plugins/Editor/SpeedTreeImporter/Content/SpeedTree9/SpeedTreeWindMotion.uexp" 136
"../../../Engine/Plugins/Editor/SpeedTreeImporter/Content/SpeedTree9/SpeedTreeBranchMotion.uasset" 137
"../../../Engine/Plugins/Editor/SpeedTreeImporter/Content/SpeedTree9/SpeedTreeBranchMotion.uexp" 138
"../../../Engine/Plugins/Editor/SpeedTreeImporter/Content/SpeedTree9/SpeedTreeWind.uasset" 139
"../../../Engine/Plugins/Editor/SpeedTreeImporter/Content/SpeedTree9/SpeedTreeWind.uexp" 140
"../../../Engine/Plugins/Editor/SpeedTreeImporter/Content/SpeedTree9/EmptyNormal.uasset" 141
"../../../Engine/Plugins/Editor/SpeedTreeImporter/Content/SpeedTree9/EmptyNormal.uexp" 142
"../../../Engine/Plugins/Editor/SpeedTreeImporter/Content/SpeedTree9/Empty.uasset" 143
"../../../Engine/Plugins/Editor/SpeedTreeImporter/Content/SpeedTree9/Empty.uexp" 144
"../../../Engine/Plugins/Editor/SpeedTreeImporter/Content/SpeedTree9/SpeedTreeMaster.uasset" 145
"../../../Engine/Plugins/Editor/SpeedTreeImporter/Content/SpeedTree9/SpeedTreeMaster.uexp" 146
"../../../Engine/Plugins/Editor/SpeedTreeImporter/Content/SpeedTree9/SpeedTreeBillboard.uasset" 147
"../../../Engine/Plugins/Editor/SpeedTreeImporter/Content/SpeedTree9/SpeedTreeBillboard.uexp" 148
"../../../Engine/Plugins/Editor/SpeedTreeImporter/Content/SpeedTree9/SpeedTreeBillboardMaster.uasset" 149
"../../../Engine/Plugins/Editor/SpeedTreeImporter/Content/SpeedTree9/SpeedTreeBillboardMaster.uexp" 150
"../../../Engine/Content/Functions/Engine_MaterialFunctions02/WorldPositionOffset/CameraOffset.uasset" 151
"../../../Engine/Content/Functions/Engine_MaterialFunctions02/WorldPositionOffset/CameraOffset.uexp" 152
"../../../Engine/Plugins/Animation/ControlRig/Content/M_Manip.uasset" 153
"../../../Engine/Plugins/Animation/ControlRig/Content/M_Manip.uexp" 154
"../../../Engine/Plugins/Animation/ControlRig/Content/Controls/DefaultGizmoLibraryNormalized.uasset" 155
"../../../Engine/Plugins/Animation/ControlRig/Content/Controls/DefaultGizmoLibraryNormalized.uexp" 156
"../../../Engine/Plugins/Animation/ControlRig/Content/Controls/ControlRig_Wedge_solid.uasset" 157
"../../../Engine/Plugins/Animation/ControlRig/Content/Controls/ControlRig_Wedge_solid.uexp" 158
"../../../Engine/Plugins/Animation/ControlRig/Content/Controls/ControlRig_Wedge_3mm.uasset" 159
"../../../Engine/Plugins/Animation/ControlRig/Content/Controls/ControlRig_Wedge_3mm.uexp" 160
"../../../Engine/Plugins/Animation/ControlRig/Content/Controls/ControlRig_Wedge_1mm.uasset" 161
"../../../Engine/Plugins/Animation/ControlRig/Content/Controls/ControlRig_Wedge_1mm.uexp" 162
"../../../Engine/Plugins/Animation/ControlRig/Content/Controls/ControlRig_Triangle_solid.uasset" 163
"../../../Engine/Plugins/Animation/ControlRig/Content/Controls/ControlRig_Triangle_solid.uexp" 164
"../../../Engine/Plugins/Animation/ControlRig/Content/Controls/ControlRig_Triangle_3mm.uasset" 165
"../../../Engine/Plugins/Animation/ControlRig/Content/Controls/ControlRig_Triangle_3mm.uexp" 166
"../../../Engine/Plugins/Animation/ControlRig/Content/Controls/ControlRig_Triangle_1mm.uasset" 167
"../../../Engine/Plugins/Animation/ControlRig/Content/Controls/ControlRig_Triangle_1mm.uexp" 168
"../../../Engine/Plugins/Animation/ControlRig/Content/Controls/ControlRig_Star4_solid.uasset" 169
"../../../Engine/Plugins/Animation/ControlRig/Content/Controls/ControlRig_Star4_solid.uexp" 170
"../../../Engine/Plugins/Animation/ControlRig/Content/Controls/ControlRig_Star4_3mm.uasset" 171
"../../../Engine/Plugins/Animation/ControlRig/Content/Controls/ControlRig_Star4_3mm.uexp" 172
"../../../Engine/Plugins/Animation/ControlRig/Content/Controls/ControlRig_Star4_1mm.uasset" 173
"../../../Engine/Plugins/Animation/ControlRig/Content/Controls/ControlRig_Star4_1mm.uexp" 174
"../../../Engine/Plugins/Animation/ControlRig/Content/Controls/ControlRig_Square_solid.uasset" 175
"../../../Engine/Plugins/Animation/ControlRig/Content/Controls/ControlRig_Square_solid.uexp" 176
"../../../Engine/Plugins/Animation/ControlRig/Content/Controls/ControlRig_Square_3mm.uasset" 177
"../../../Engine/Plugins/Animation/ControlRig/Content/Controls/ControlRig_Square_3mm.uexp" 178
"../../../Engine/Plugins/Animation/ControlRig/Content/Controls/ControlRig_Square_1mm.uasset" 179
"../../../Engine/Plugins/Animation/ControlRig/Content/Controls/ControlRig_Square_1mm.uexp" 180
"../../../Engine/Plugins/Animation/ControlRig/Content/Controls/ControlRig_Sphere_solid.uasset" 181
"../../../Engine/Plugins/Animation/ControlRig/Content/Controls/ControlRig_Sphere_solid.uexp" 182
"../../../Engine/Plugins/Animation/ControlRig/Content/Controls/ControlRig_Sphere_3mm.uasset" 183
"../../../Engine/Plugins/Animation/ControlRig/Content/Controls/ControlRig_Sphere_3mm.uexp" 184
"../../../Engine/Plugins/Animation/ControlRig/Content/Controls/ControlRig_Sphere_1mm.uasset" 185
"../../../Engine/Plugins/Animation/ControlRig/Content/Controls/ControlRig_Sphere_1mm.uexp" 186
"../../../Engine/Plugins/Animation/ControlRig/Content/Controls/ControlRig_RoundedTriangle_solid.uasset" 187
"../../../Engine/Plugins/Animation/ControlRig/Content/Controls/ControlRig_RoundedTriangle_solid.uexp" 188
"../../../Engine/Plugins/Animation/ControlRig/Content/Controls/ControlRig_RoundedTriangle_3mm.uasset" 189
"../../../Engine/Plugins/Animation/ControlRig/Content/Controls/ControlRig_RoundedTriangle_3mm.uexp" 190
"../../../Engine/Plugins/Animation/ControlRig/Content/Controls/ControlRig_RoundedTriangle_1mm.uasset" 191
"../../../Engine/Plugins/Animation/ControlRig/Content/Controls/ControlRig_RoundedTriangle_1mm.uexp" 192
"../../../Engine/Plugins/Animation/ControlRig/Content/Controls/ControlRig_RoundedSquare_solid.uasset" 193
"../../../Engine/Plugins/Animation/ControlRig/Content/Controls/ControlRig_RoundedSquare_solid.uexp" 194
"../../../Engine/Plugins/Animation/ControlRig/Content/Controls/ControlRig_RoundedSquare_3mm.uasset" 195
"../../../Engine/Plugins/Animation/ControlRig/Content/Controls/ControlRig_RoundedSquare_3mm.uexp" 196
"../../../Engine/Plugins/Animation/ControlRig/Content/Controls/ControlRig_RoundedSquare_1mm.uasset" 197
"../../../Engine/Plugins/Animation/ControlRig/Content/Controls/ControlRig_RoundedSquare_1mm.uexp" 198
"../../../Engine/Plugins/Animation/ControlRig/Content/Controls/ControlRig_QuarterCircle_solid.uasset" 199
"../../../Engine/Plugins/Animation/ControlRig/Content/Controls/ControlRig_QuarterCircle_solid.uexp" 200
"../../../Engine/Plugins/Animation/ControlRig/Content/Controls/ControlRig_QuarterCircle_3mm.uasset" 201
"../../../Engine/Plugins/Animation/ControlRig/Content/Controls/ControlRig_QuarterCircle_3mm.uexp" 202
"../../../Engine/Plugins/Animation/ControlRig/Content/Controls/ControlRig_QuarterCircle_1mm.uasset" 203
"../../../Engine/Plugins/Animation/ControlRig/Content/Controls/ControlRig_QuarterCircle_1mm.uexp" 204
"../../../Engine/Plugins/Animation/ControlRig/Content/Controls/ControlRig_Pyramid_solid.uasset" 205
"../../../Engine/Plugins/Animation/ControlRig/Content/Controls/ControlRig_Pyramid_solid.uexp" 206
"../../../Engine/Plugins/Animation/ControlRig/Content/Controls/ControlRig_Pyramid_3mm.uasset" 207
"../../../Engine/Plugins/Animation/ControlRig/Content/Controls/ControlRig_Pyramid_3mm.uexp" 208
"../../../Engine/Plugins/Animation/ControlRig/Content/Controls/ControlRig_Pyramid_1mm.uasset" 209
"../../../Engine/Plugins/Animation/ControlRig/Content/Controls/ControlRig_Pyramid_1mm.uexp" 210
"../../../Engine/Plugins/Animation/ControlRig/Content/Controls/ControlRig_Octagon_solid.uasset" 211
"../../../Engine/Plugins/Animation/ControlRig/Content/Controls/ControlRig_Octagon_solid.uexp" 212
"../../../Engine/Plugins/Animation/ControlRig/Content/Controls/ControlRig_Octagon_3mm.uasset" 213
"../../../Engine/Plugins/Animation/ControlRig/Content/Controls/ControlRig_Octagon_3mm.uexp" 214
"../../../Engine/Plugins/Animation/ControlRig/Content/Controls/ControlRig_Octagon_1mm.uasset" 215
"../../../Engine/Plugins/Animation/ControlRig/Content/Controls/ControlRig_Octagon_1mm.uexp" 216
"../../../Engine/Plugins/Animation/ControlRig/Content/Controls/ControlRig_Hexagon_solid.uasset" 217
"../../../Engine/Plugins/Animation/ControlRig/Content/Controls/ControlRig_Hexagon_solid.uexp" 218
"../../../Engine/Plugins/Animation/ControlRig/Content/Controls/ControlRig_Hexagon_3mm.uasset" 219
"../../../Engine/Plugins/Animation/ControlRig/Content/Controls/ControlRig_Hexagon_3mm.uexp" 220
"../../../Engine/Plugins/Animation/ControlRig/Content/Controls/ControlRig_Hexagon_1mm.uasset" 221
"../../../Engine/Plugins/Animation/ControlRig/Content/Controls/ControlRig_Hexagon_1mm.uexp" 222
"../../../Engine/Plugins/Animation/ControlRig/Content/Controls/ControlRig_HalfCircle_solid.uasset" 223
"../../../Engine/Plugins/Animation/ControlRig/Content/Controls/ControlRig_HalfCircle_solid.uexp" 224
"../../../Engine/Plugins/Animation/ControlRig/Content/Controls/ControlRig_HalfCircle_3mm.uasset" 225
"../../../Engine/Plugins/Animation/ControlRig/Content/Controls/ControlRig_HalfCircle_3mm.uexp" 226
"../../../Engine/Plugins/Animation/ControlRig/Content/Controls/ControlRig_HalfCircle_1mm.uasset" 227
"../../../Engine/Plugins/Animation/ControlRig/Content/Controls/ControlRig_HalfCircle_1mm.uexp" 228
"../../../Engine/Plugins/Animation/ControlRig/Content/Controls/ControlRig_Diamond_solid.uasset" 229
"../../../Engine/Plugins/Animation/ControlRig/Content/Controls/ControlRig_Diamond_solid.uexp" 230
"../../../Engine/Plugins/Animation/ControlRig/Content/Controls/ControlRig_Diamond_3mm.uasset" 231
"../../../Engine/Plugins/Animation/ControlRig/Content/Controls/ControlRig_Diamond_3mm.uexp" 232
"../../../Engine/Plugins/Animation/ControlRig/Content/Controls/ControlRig_Diamond_1mm.uasset" 233
"../../../Engine/Plugins/Animation/ControlRig/Content/Controls/ControlRig_Diamond_1mm.uexp" 234
"../../../Engine/Plugins/Animation/ControlRig/Content/Controls/ControlRig_Circle_solid.uasset" 235
"../../../Engine/Plugins/Animation/ControlRig/Content/Controls/ControlRig_Circle_solid.uexp" 236
"../../../Engine/Plugins/Animation/ControlRig/Content/Controls/ControlRig_Circle_3mm.uasset" 237
"../../../Engine/Plugins/Animation/ControlRig/Content/Controls/ControlRig_Circle_3mm.uexp" 238
"../../../Engine/Plugins/Animation/ControlRig/Content/Controls/ControlRig_Circle_1mm.uasset" 239
"../../../Engine/Plugins/Animation/ControlRig/Content/Controls/ControlRig_Circle_1mm.uexp" 240
"../../../Engine/Plugins/Animation/ControlRig/Content/Controls/ControlRig_Box_solid.uasset" 241
"../../../Engine/Plugins/Animation/ControlRig/Content/Controls/ControlRig_Box_solid.uexp" 242
"../../../Engine/Plugins/Animation/ControlRig/Content/Controls/ControlRig_Box_3mm.uasset" 243
"../../../Engine/Plugins/Animation/ControlRig/Content/Controls/ControlRig_Box_3mm.uexp" 244
"../../../Engine/Plugins/Animation/ControlRig/Content/Controls/ControlRig_Box_1mm.uasset" 245
"../../../Engine/Plugins/Animation/ControlRig/Content/Controls/ControlRig_Box_1mm.uexp" 246
"../../../Engine/Plugins/Animation/ControlRig/Content/Controls/ControlRig_Arrow_solid.uasset" 247
"../../../Engine/Plugins/Animation/ControlRig/Content/Controls/ControlRig_Arrow_solid.uexp" 248
"../../../Engine/Plugins/Animation/ControlRig/Content/Controls/ControlRig_Arrow_3mm.uasset" 249
"../../../Engine/Plugins/Animation/ControlRig/Content/Controls/ControlRig_Arrow_3mm.uexp" 250
"../../../Engine/Plugins/Animation/ControlRig/Content/Controls/ControlRig_Arrow_1mm.uasset" 251
"../../../Engine/Plugins/Animation/ControlRig/Content/Controls/ControlRig_Arrow_1mm.uexp" 252
"../../../Engine/Plugins/Animation/ControlRig/Content/Controls/ControlRig_Arrow4_solid.uasset" 253
"../../../Engine/Plugins/Animation/ControlRig/Content/Controls/ControlRig_Arrow4_solid.uexp" 254
"../../../Engine/Plugins/Animation/ControlRig/Content/Controls/ControlRig_Arrow4_3mm.uasset" 255
"../../../Engine/Plugins/Animation/ControlRig/Content/Controls/ControlRig_Arrow4_3mm.uexp" 256
"../../../Engine/Plugins/Animation/ControlRig/Content/Controls/ControlRig_Arrow4_1mm.uasset" 257
"../../../Engine/Plugins/Animation/ControlRig/Content/Controls/ControlRig_Arrow4_1mm.uexp" 258
"../../../Engine/Plugins/Animation/ControlRig/Content/Controls/ControlRig_Arrow2_solid.uasset" 259
"../../../Engine/Plugins/Animation/ControlRig/Content/Controls/ControlRig_Arrow2_solid.uexp" 260
"../../../Engine/Plugins/Animation/ControlRig/Content/Controls/ControlRig_Arrow2_3mm.uasset" 261
"../../../Engine/Plugins/Animation/ControlRig/Content/Controls/ControlRig_Arrow2_3mm.uexp" 262
"../../../Engine/Plugins/Animation/ControlRig/Content/Controls/ControlRig_Arrow2_1mm.uasset" 263
"../../../Engine/Plugins/Animation/ControlRig/Content/Controls/ControlRig_Arrow2_1mm.uexp" 264
"../../../Engine/Plugins/Animation/ControlRig/Content/Controls/ControlRigXRayMaterial.uasset" 265
"../../../Engine/Plugins/Animation/ControlRig/Content/Controls/ControlRigXRayMaterial.uexp" 266
"../../../Engine/Plugins/Animation/ControlRig/Content/Controls/ControlRigGizmoMaterial.uasset" 267
"../../../Engine/Plugins/Animation/ControlRig/Content/Controls/ControlRigGizmoMaterial.uexp" 268
"../../../Engine/Plugins/Animation/ACLPlugin/Content/ACLAnimCurveCompressionSettings.uasset" 269
"../../../Engine/Plugins/Animation/ACLPlugin/Content/ACLAnimCurveCompressionSettings.uexp" 270
"../../../Engine/Plugins/2D/Paper2D/Content/PlaceholderTextures/DummySpriteTexture.ubulk" 271
"../../../Engine/Plugins/2D/Paper2D/Content/PlaceholderTextures/DummySpriteTexture.uasset" 272
"../../../Engine/Plugins/2D/Paper2D/Content/PlaceholderTextures/DummySpriteTexture.uexp" 273
"../../../Engine/Plugins/2D/Paper2D/Content/DefaultSpriteMaterial.uasset" 274
"../../../Engine/Plugins/2D/Paper2D/Content/DefaultSpriteMaterial.uexp" 275
"../../../Engine/Plugins/2D/Paper2D/Content/OpaqueUnlitSpriteMaterial.uasset" 276
"../../../Engine/Plugins/2D/Paper2D/Content/OpaqueUnlitSpriteMaterial.uexp" 277
"../../../Engine/Plugins/2D/Paper2D/Content/MaskedUnlitSpriteMaterial.uasset" 278
"../../../Engine/Plugins/2D/Paper2D/Content/MaskedUnlitSpriteMaterial.uexp" 279
"../../../Engine/Plugins/2D/Paper2D/Content/DummySprite.uasset" 280
"../../../Engine/Plugins/2D/Paper2D/Content/DummySprite.uexp" 281
"../../../Engine/Plugins/2D/Paper2D/Content/DefaultPaperTerrainMaterial.uasset" 282
"../../../Engine/Plugins/2D/Paper2D/Content/DefaultPaperTerrainMaterial.uexp" 283
"../../../Engine/Content/VREditor/TransformGizmo/StartRotationHandleIndicator.uasset" 284
"../../../Engine/Content/VREditor/TransformGizmo/StartRotationHandleIndicator.uexp" 285
"../../../Engine/Content/VREditor/Sounds/UI/Drop_Item_From_ContentBrowser.ubulk" 286
"../../../Engine/Content/VREditor/Sounds/UI/Drop_Item_From_ContentBrowser.uasset" 287
"../../../Engine/Content/VREditor/Sounds/UI/Drop_Item_From_ContentBrowser.uexp" 288
"../../../Engine/Content/VREditor/TransformGizmo/PlaneTranslationHandle.uasset" 289
"../../../Engine/Content/VREditor/TransformGizmo/PlaneTranslationHandle.uexp" 290
"../../../Engine/Content/VREditor/Sounds/UI/Object_Snaps_To_Grid.ubulk" 291
"../../../Engine/Content/VREditor/Sounds/UI/Object_Snaps_To_Grid.uasset" 292
"../../../Engine/Content/VREditor/Sounds/UI/Object_Snaps_To_Grid.uexp" 293
"../../../Engine/Content/VREditor/Sounds/UI/Selection_Changes.ubulk" 294
"../../../Engine/Content/VREditor/Sounds/UI/Selection_Changes.uasset" 295
"../../../Engine/Content/VREditor/Sounds/UI/Selection_Changes.uexp" 296
"../../../Engine/Content/VREditor/Sounds/UI/Object_Snaps_To_Another_Actor.ubulk" 297
"../../../Engine/Content/VREditor/Sounds/UI/Object_Snaps_To_Another_Actor.uasset" 298
"../../../Engine/Content/VREditor/Sounds/UI/Object_Snaps_To_Another_Actor.uexp" 299
"../../../Engine/Content/VREditor/TransformGizmo/TranslucentTransformGizmoMaterial_Inst.uasset" 300
"../../../Engine/Content/VREditor/TransformGizmo/TranslucentTransformGizmoMaterial_Inst.uexp" 301
"../../../Engine/Content/VREditor/TransformGizmo/TransformGizmoFreeRotation.uasset" 302
"../../../Engine/Content/VREditor/TransformGizmo/TransformGizmoFreeRotation.uexp" 303
"../../../Engine/Content/VREditor/Sounds/UI/Scaling_Down.ubulk" 304
"../../../Engine/Content/VREditor/Sounds/UI/Scaling_Down.uasset" 305
"../../../Engine/Content/VREditor/Sounds/UI/Scaling_Down.uexp" 306
"../../../Engine/Content/Functions/Engine_MaterialFunctions02/Math/Transform3x3Matrix.uasset" 307
"../../../Engine/Content/Functions/Engine_MaterialFunctions02/Math/Transform3x3Matrix.uexp" 308
"../../../Engine/Content/Functions/Engine_MaterialFunctions02/SplitComponents.uasset" 309
"../../../Engine/Content/Functions/Engine_MaterialFunctions02/SplitComponents.uexp" 310
"../../../Engine/Content/Functions/Engine_MaterialFunctions02/Utility/MakeFloat3.uasset" 311
"../../../Engine/Content/Functions/Engine_MaterialFunctions02/Utility/MakeFloat3.uexp" 312
"../../../Engine/Content/VREditor/SnapGrid/SnapGridMaterial.uasset" 313
"../../../Engine/Content/VREditor/SnapGrid/SnapGridMaterial.uexp" 314
"../../../Engine/Content/VREditor/SnapGrid/SnapGridPlaneMesh.uasset" 315
"../../../Engine/Content/VREditor/SnapGrid/SnapGridPlaneMesh.uexp" 316
"../../../Engine/Content/VREditor/Sounds/UI/Scaling_Up.ubulk" 317
"../../../Engine/Content/VREditor/Sounds/UI/Scaling_Up.uasset" 318
"../../../Engine/Content/VREditor/Sounds/UI/Scaling_Up.uexp" 319
"../../../Engine/Content/VREditor/TransformGizmo/TransformGizmoMaterial_Inst.uasset" 320
"../../../Engine/Content/VREditor/TransformGizmo/TransformGizmoMaterial_Inst.uexp" 321
"../../../Engine/Content/VREditor/Sounds/UI/Gizmo_Handle_Clicked.ubulk" 322
"../../../Engine/Content/VREditor/Sounds/UI/Gizmo_Handle_Clicked.uasset" 323
"../../../Engine/Content/VREditor/Sounds/UI/Gizmo_Handle_Clicked.uexp" 324
"../../../Engine/Content/VREditor/TransformGizmo/RotationHandleQuarter.uasset" 325
"../../../Engine/Content/VREditor/TransformGizmo/RotationHandleQuarter.uexp" 326
"../../../Engine/Content/VREditor/TransformGizmo/TranslateArrowHandle.uasset" 327
"../../../Engine/Content/VREditor/TransformGizmo/TranslateArrowHandle.uexp" 328
"../../../Engine/Content/VREditor/TransformGizmo/RotationHandleIndicator.uasset" 329
"../../../Engine/Content/VREditor/TransformGizmo/RotationHandleIndicator.uexp" 330
"../../../Engine/Content/VREditor/TransformGizmo/UniformScaleHandle.uasset" 331
"../../../Engine/Content/VREditor/TransformGizmo/UniformScaleHandle.uexp" 332
"../../../Engine/Content/VREditor/TransformGizmo/RotationHandleFull.uasset" 333
"../../../Engine/Content/VREditor/TransformGizmo/RotationHandleFull.uexp" 334
"../../../Engine/Content/VREditor/Sounds/UI/Object_PickUp.ubulk" 335
"../../../Engine/Content/VREditor/Sounds/UI/Object_PickUp.uasset" 336
"../../../Engine/Content/VREditor/Sounds/UI/Object_PickUp.uexp" 337
"../../../Engine/Content/EngineSounds/Master.uasset" 338
"../../../Engine/Content/EngineSounds/Master.uexp" 339
"../../../Engine/Content/EngineResources/WhiteSquareTexture.uasset" 340
"../../../Engine/Content/EngineResources/WhiteSquareTexture.uexp" 341
"../../../Engine/Content/EngineMaterials/Widget3DPassThrough.uasset" 342
"../../../Engine/Content/EngineMaterials/Widget3DPassThrough.uexp" 343
"../../../Engine/Content/EngineMaterials/Widget3DPassThrough_Translucent.uasset" 344
"../../../Engine/Content/EngineMaterials/Widget3DPassThrough_Translucent.uexp" 345
"../../../Engine/Content/EngineMaterials/Widget3DPassThrough_Translucent_OneSided.uasset" 346
"../../../Engine/Content/EngineMaterials/Widget3DPassThrough_Translucent_OneSided.uexp" 347
"../../../Engine/Content/EngineMaterials/Widget3DPassThrough_Opaque.uasset" 348
"../../../Engine/Content/EngineMaterials/Widget3DPassThrough_Opaque.uexp" 349
"../../../Engine/Content/EngineMaterials/Widget3DPassThrough_Opaque_OneSided.uasset" 350
"../../../Engine/Content/EngineMaterials/Widget3DPassThrough_Opaque_OneSided.uexp" 351
"../../../Engine/Content/EngineMaterials/Widget3DPassThrough_Masked_OneSided.uasset" 352
"../../../Engine/Content/EngineMaterials/Widget3DPassThrough_Masked_OneSided.uexp" 353
"../../../Engine/Content/EngineMaterials/Widget3DPassThrough_Masked.uasset" 354
"../../../Engine/Content/EngineMaterials/Widget3DPassThrough_Masked.uexp" 355
"../../../Engine/Content/EngineMaterials/STBlueNoise_vec2_128x128x64.uasset" 356
"../../../Engine/Content/EngineMaterials/STBlueNoise_vec2_128x128x64.uexp" 357
"../../../Engine/Content/EngineMaterials/STBlueNoise_scalar_128x128x64.uasset" 358
"../../../Engine/Content/EngineMaterials/STBlueNoise_scalar_128x128x64.uexp" 359
"../../../Engine/Content/EngineMaterials/RemoveSurfaceMaterial.uasset" 360
"../../../Engine/Content/EngineMaterials/RemoveSurfaceMaterial.uexp" 361
"../../../Engine/Content/EngineMaterials/PhAT_JointLimitMaterial.uasset" 362
"../../../Engine/Content/EngineMaterials/PhAT_JointLimitMaterial.uexp" 363
"../../../Engine/Content/EngineMaterials/NaniteHiddenSectionMaterial.uasset" 364
"../../../Engine/Content/EngineMaterials/NaniteHiddenSectionMaterial.uexp" 365
"../../../Engine/Content/EngineMaterials/InvalidLightmapSettings.ubulk" 366
"../../../Engine/Content/EngineMaterials/InvalidLightmapSettings.uasset" 367
"../../../Engine/Content/EngineMaterials/InvalidLightmapSettings.uexp" 368
"../../../Engine/Content/EngineMaterials/M_InvalidLightmapSettings.uasset" 369
"../../../Engine/Content/EngineMaterials/M_InvalidLightmapSettings.uexp" 370
"../../../Engine/Content/EngineMaterials/GizmoMaterial.uasset" 371
"../../../Engine/Content/EngineMaterials/GizmoMaterial.uexp" 372
"../../../Engine/Content/EngineMaterials/BaseFlattenEmissiveMap_VT.uasset" 373
"../../../Engine/Content/EngineMaterials/BaseFlattenEmissiveMap_VT.uexp" 374
"../../../Engine/Content/EngineMaterials/BaseFlattenGrayscaleMap_VT.uasset" 375
"../../../Engine/Content/EngineMaterials/BaseFlattenGrayscaleMap_VT.uexp" 376
"../../../Engine/Content/EngineMaterials/BaseFlattenLinearColor_VT.uasset" 377
"../../../Engine/Content/EngineMaterials/BaseFlattenLinearColor_VT.uexp" 378
"../../../Engine/Content/EngineMaterials/Black_1x1_EXR_Texture_VT.uasset" 379
"../../../Engine/Content/EngineMaterials/Black_1x1_EXR_Texture_VT.uexp" 380
"../../../Engine/Content/EngineMaterials/BaseFlattenDiffuseMap_VT.uasset" 381
"../../../Engine/Content/EngineMaterials/BaseFlattenDiffuseMap_VT.uexp" 382
"../../../Engine/Content/EngineMaterials/BaseFlattenNormalMap_VT.uasset" 383
"../../../Engine/Content/EngineMaterials/BaseFlattenNormalMap_VT.uexp" 384
"../../../Engine/Content/EngineMaterials/FlattenMaterial_WS_Normal_VT.uasset" 385
"../../../Engine/Content/EngineMaterials/FlattenMaterial_WS_Normal_VT.uexp" 386
"../../../Engine/Content/EngineMaterials/FlattenMaterial_VT.uasset" 387
"../../../Engine/Content/EngineMaterials/FlattenMaterial_VT.uexp" 388
"../../../Engine/Content/EngineMaterials/BaseFlattenNormalMap.uasset" 389
"../../../Engine/Content/EngineMaterials/BaseFlattenNormalMap.uexp" 390
"../../../Engine/Content/EngineMaterials/BaseFlattenGrayscaleMap.uasset" 391
"../../../Engine/Content/EngineMaterials/BaseFlattenGrayscaleMap.uexp" 392
"../../../Engine/Content/EngineMaterials/BaseFlattenDiffuseMap.uasset" 393
"../../../Engine/Content/EngineMaterials/BaseFlattenDiffuseMap.uexp" 394
"../../../Engine/Content/Functions/Engine_MaterialFunctions02/PivotPainter2/Black_1x1_EXR_Texture.uasset" 395
"../../../Engine/Content/Functions/Engine_MaterialFunctions02/PivotPainter2/Black_1x1_EXR_Texture.uexp" 396
"../../../Engine/Content/EngineMaterials/BaseFlattenEmissiveMap.uasset" 397
"../../../Engine/Content/EngineMaterials/BaseFlattenEmissiveMap.uexp" 398
"../../../Engine/Content/EngineMaterials/BaseFlattenLinearColor.uasset" 399
"../../../Engine/Content/EngineMaterials/BaseFlattenLinearColor.uexp" 400
"../../../Engine/Content/EngineMaterials/FlattenMaterial.uasset" 401
"../../../Engine/Content/EngineMaterials/FlattenMaterial.uexp" 402
"../../../Engine/Content/EngineMaterials/DefaultWhiteGrid_Low.uasset" 403
"../../../Engine/Content/EngineMaterials/DefaultWhiteGrid_Low.uexp" 404
"../../../Engine/Content/EngineMaterials/EmissiveMeshMaterial.uasset" 405
"../../../Engine/Content/EngineMaterials/EmissiveMeshMaterial.uexp" 406
"../../../Engine/Content/EngineFonts/RobotoDistanceField.uasset" 407
"../../../Engine/Content/EngineFonts/RobotoDistanceField.uexp" 408
"../../../Engine/Content/EngineMaterials/DefaultTextMaterialOpaque.uasset" 409
"../../../Engine/Content/EngineMaterials/DefaultTextMaterialOpaque.uexp" 410
"../../../Engine/Content/EngineMaterials/DefaultDiffuse.ubulk" 411
"../../../Engine/Content/EngineMaterials/DefaultDiffuse.uasset" 412
"../../../Engine/Content/EngineMaterials/DefaultDiffuse.uexp" 413
"../../../Engine/Content/Functions/Engine_MaterialFunctions02/Utility/BreakOutFloat2Components.uasset" 414
"../../../Engine/Content/Functions/Engine_MaterialFunctions02/Utility/BreakOutFloat2Components.uexp" 415
"../../../Engine/Content/EngineMaterials/DefaultPostProcessMaterial.uasset" 416
"../../../Engine/Content/EngineMaterials/DefaultPostProcessMaterial.uexp" 417
"../../../Engine/Content/EngineMaterials/DefaultPhysicalMaterial.uasset" 418
"../../../Engine/Content/EngineMaterials/DefaultPhysicalMaterial.uexp" 419
"../../../Engine/Content/EngineMaterials/DefaultLightFunctionMaterial.uasset" 420
"../../../Engine/Content/EngineMaterials/DefaultLightFunctionMaterial.uexp" 421
"../../../Engine/Content/EngineMaterials/DefaultDestructiblePhysicalMaterial.uasset" 422
"../../../Engine/Content/EngineMaterials/DefaultDestructiblePhysicalMaterial.uexp" 423
"../../../Engine/Content/EngineMaterials/DefaultDeferredDecalMaterial.uasset" 424
"../../../Engine/Content/EngineMaterials/DefaultDeferredDecalMaterial.uexp" 425
"../../../Engine/Content/EngineMaterials/DefaultBloomKernel.uasset" 426
"../../../Engine/Content/EngineMaterials/DefaultBloomKernel.uexp" 427
"../../../Engine/Content/EngineFonts/Faces/RobotoLight.uexp" 428
"../../../Engine/Content/EngineFonts/Faces/RobotoLight.uasset" 429
"../../../Engine/Content/EngineFonts/Faces/RobotoLight.ufont" 430
"../../../Engine/Content/EngineFonts/Faces/RobotoBold.uexp" 431
"../../../Engine/Content/EngineFonts/Faces/RobotoBold.uasset" 432
"../../../Engine/Content/EngineFonts/Faces/RobotoBold.ufont" 433
"../../../Engine/Content/EngineFonts/Faces/RobotoRegular.uexp" 434
"../../../Engine/Content/EngineFonts/Faces/RobotoRegular.uasset" 435
"../../../Engine/Content/EngineFonts/Faces/RobotoRegular.ufont" 436
"../../../Engine/Content/EngineFonts/Faces/DroidSansFallback.uexp" 437
"../../../Engine/Content/EngineFonts/Faces/DroidSansFallback.uasset" 438
"../../../Engine/Content/EngineFonts/Faces/DroidSansFallback.ufont" 439
"../../../Engine/Content/EngineFonts/Faces/RobotoItalic.uexp" 440
"../../../Engine/Content/EngineFonts/Faces/RobotoItalic.uasset" 441
"../../../Engine/Content/EngineFonts/Faces/RobotoItalic.ufont" 442
"../../../Engine/Content/EngineFonts/Faces/RobotoBoldItalic.uexp" 443
"../../../Engine/Content/EngineFonts/Faces/RobotoBoldItalic.uasset" 444
"../../../Engine/Content/EngineFonts/Faces/RobotoBoldItalic.ufont" 445
"../../../Engine/Content/EngineFonts/Roboto.uasset" 446
"../../../Engine/Content/EngineFonts/Roboto.uexp" 447
"../../../Engine/Content/EngineDebugMaterials/VolumeToRender.uasset" 448
"../../../Engine/Content/EngineDebugMaterials/VolumeToRender.uexp" 449
"../../../Engine/Content/EngineDebugMaterials/M_VolumeRenderSphereTracePP.uasset" 450
"../../../Engine/Content/EngineDebugMaterials/M_VolumeRenderSphereTracePP.uexp" 451
"../../../Engine/Content/EngineDebugMaterials/M_SimpleUnlitTranslucent.uasset" 452
"../../../Engine/Content/EngineDebugMaterials/M_SimpleUnlitTranslucent.uexp" 453
"../../../Engine/Content/EngineDebugMaterials/DebugMeshMaterial.uasset" 454
"../../../Engine/Content/EngineDebugMaterials/DebugMeshMaterial.uexp" 455
"../../../Engine/Content/EngineDebugMaterials/DebugEditorMaterial.uasset" 456
"../../../Engine/Content/EngineDebugMaterials/DebugEditorMaterial.uexp" 457
"../../../Engine/Content/EngineDamageTypes/DmgTypeBP_Environmental.uasset" 458
"../../../Engine/Content/EngineDamageTypes/DmgTypeBP_Environmental.uexp" 459
"../../../Engine/Content/EditorResources/S_Terrain.ubulk" 460
"../../../Engine/Content/EditorResources/S_Terrain.uasset" 461
"../../../Engine/Content/EditorResources/S_Terrain.uexp" 462
"../../../Engine/Content/EditorResources/EmptyActor.uasset" 463
"../../../Engine/Content/EditorResources/EmptyActor.uexp" 464
"../../../Engine/Content/EditorResources/BSPVertex.uasset" 465
"../../../Engine/Content/EditorResources/BSPVertex.uexp" 466
"../../../Engine/Content/EditorMaterials/PreviewShadowIndicator.ubulk" 467
"../../../Engine/Content/EditorMaterials/PreviewShadowIndicator.uasset" 468
"../../../Engine/Content/EditorMaterials/PreviewShadowIndicator.uexp" 469
"../../../Engine/Content/EditorMaterials/PreviewShadowIndicatorMaterial.uasset" 470
"../../../Engine/Content/EditorMaterials/PreviewShadowIndicatorMaterial.uexp" 471
"../../../Engine/Content/EditorMaterials/PhAT_UnselectedMaterial.uasset" 472
"../../../Engine/Content/EditorMaterials/PhAT_UnselectedMaterial.uexp" 473
"../../../Engine/Content/EditorMaterials/PhAT_NoCollisionMaterial.uasset" 474
"../../../Engine/Content/EditorMaterials/PhAT_NoCollisionMaterial.uexp" 475
"../../../Engine/Content/EditorLandscapeResources/DefaultAlphaTexture.uasset" 476
"../../../Engine/Content/EditorLandscapeResources/DefaultAlphaTexture.uexp" 477
"../../../Engine/Content/EditorLandscapeResources/DataLayer.uasset" 478
"../../../Engine/Content/EditorLandscapeResources/DataLayer.uexp" 479
"../../../Engine/Content/EngineMaterials/DefaultMaterial.uasset" 480
"../../../Engine/Content/EngineMaterials/DefaultMaterial.uexp" 481
"../../../Engine/Content/BasicShapes/Sphere.uasset" 482
"../../../Engine/Content/BasicShapes/Sphere.uexp" 483
"../../../Engine/Content/BasicShapes/Plane.uasset" 484
"../../../Engine/Content/BasicShapes/Plane.uexp" 485
"../../../Engine/Content/BasicShapes/Cylinder.uasset" 486
"../../../Engine/Content/BasicShapes/Cylinder.uexp" 487
"../../../Engine/Content/BasicShapes/Cube.uasset" 488
"../../../Engine/Content/BasicShapes/Cube.uexp" 489
"../../../Engine/Content/BasicShapes/Cone.uasset" 490
"../../../Engine/Content/BasicShapes/Cone.uexp" 491
"../../../Engine/Content/BasicShapes/BasicShapeMaterial.uasset" 492
"../../../Engine/Content/BasicShapes/BasicShapeMaterial.uexp" 493
"../../../Engine/Content/Animation/DefaultRecorderBoneCompression.uasset" 494
"../../../Engine/Content/Animation/DefaultRecorderBoneCompression.uexp" 495
"../../../Engine/Content/Functions/Engine_MaterialFunctions02/Math/AddComponents.uasset" 496
"../../../Engine/Content/Functions/Engine_MaterialFunctions02/Math/AddComponents.uexp" 497
"../../../Engine/Content/Functions/Engine_MaterialFunctions01/Texturing/FlattenNormal.uasset" 498
"../../../Engine/Content/Functions/Engine_MaterialFunctions01/Texturing/FlattenNormal.uexp" 499
"../../../Engine/Content/EngineSky/VolumetricClouds/CloudWeatherTexture.uasset" 500
"../../../Engine/Content/EngineSky/VolumetricClouds/CloudWeatherTexture.uexp" 501
"../../../Engine/Content/Functions/Engine_MaterialFunctions02/Utility/MakeFloat2.uasset" 502
"../../../Engine/Content/Functions/Engine_MaterialFunctions02/Utility/MakeFloat2.uexp" 503
"../../../Engine/Content/EngineSky/VolumetricClouds/CloudGradientTexture.uasset" 504
"../../../Engine/Content/EngineSky/VolumetricClouds/CloudGradientTexture.uexp" 505
"../../../Engine/Content/EngineSky/VolumetricClouds/T_NoiseShape64.ubulk" 506
"../../../Engine/Content/EngineSky/VolumetricClouds/T_NoiseShape64.uasset" 507
"../../../Engine/Content/EngineSky/VolumetricClouds/T_NoiseShape64.uexp" 508
"../../../Engine/Content/EngineSky/VolumetricClouds/T_VolumeNoiseShape64.uasset" 509
"../../../Engine/Content/EngineSky/VolumetricClouds/T_VolumeNoiseShape64.uexp" 510
"../../../Engine/Content/EngineSky/VolumetricClouds/T_NoiseErosion.ubulk" 511
"../../../Engine/Content/EngineSky/VolumetricClouds/T_NoiseErosion.uasset" 512
"../../../Engine/Content/EngineSky/VolumetricClouds/T_NoiseErosion.uexp" 513
"../../../Engine/Content/EngineSky/VolumetricClouds/T_VolumeNoiseErosion32.uasset" 514
"../../../Engine/Content/EngineSky/VolumetricClouds/T_VolumeNoiseErosion32.uexp" 515
"../../../Engine/Content/EngineSky/VolumetricClouds/m_SimpleVolumetricCloud.uasset" 516
"../../../Engine/Content/EngineSky/VolumetricClouds/m_SimpleVolumetricCloud.uexp" 517
"../../../Engine/Content/EngineSky/VolumetricClouds/m_SimpleVolumetricCloud_Inst.uasset" 518
"../../../Engine/Content/EngineSky/VolumetricClouds/m_SimpleVolumetricCloud_Inst.uexp" 519
"../../../Engine/Content/EngineResources/FilmGrains/Marcie_Grain_v3_128_M2_000.uasset" 520
"../../../Engine/Content/EngineResources/FilmGrains/Marcie_Grain_v3_128_M2_000.uexp" 521
"../../../Engine/Content/EditorResources/SequenceRecorder/RecordingIndicator.uasset" 522
"../../../Engine/Content/EditorResources/SequenceRecorder/RecordingIndicator.uexp" 523
"../../../Engine/Content/EditorResources/SequenceRecorder/Countdown.uasset" 524
"../../../Engine/Content/EditorResources/SequenceRecorder/Countdown.uexp" 525
"../../../Engine/Content/EditorMaterials/Dataflow/DataflowVertexMaterial.uasset" 526
"../../../Engine/Content/EditorMaterials/Dataflow/DataflowVertexMaterial.uexp" 527
"../../../Engine/Content/Functions/Engine_MaterialFunctions01/Shading/PowerToRoughness.uasset" 528
"../../../Engine/Content/Functions/Engine_MaterialFunctions01/Shading/PowerToRoughness.uexp" 529
"../../../Engine/Content/Functions/Engine_MaterialFunctions01/Shading/ConvertFromDiffSpec.uasset" 530
"../../../Engine/Content/Functions/Engine_MaterialFunctions01/Shading/ConvertFromDiffSpec.uexp" 531
"../../../Engine/Content/EngineMaterials/Substrate/Volume/SubstrateSimpleVolumeLUT3D.uasset" 532
"../../../Engine/Content/EngineMaterials/Substrate/Volume/SubstrateSimpleVolumeLUT3D.uexp" 533
"../../../Engine/Content/EngineMaterials/Substrate/Volume/SubstrateSimpleVolumeEnvLUT3D.uasset" 534
"../../../Engine/Content/EngineMaterials/Substrate/Volume/SubstrateSimpleVolumeEnvLUT3D.uexp" 535
"../../../Engine/Content/EngineMaterials/Substrate/GLints2/AGlintTex2dArray2.uasset" 536
"../../../Engine/Content/EngineMaterials/Substrate/GLints2/AGlintTex2dArray2.uexp" 537
"../../../Engine/Content/EngineMaterials/Substrate/GLints/AGlintTex2dArray.uasset" 538
"../../../Engine/Content/EngineMaterials/Substrate/GLints/AGlintTex2dArray.uexp" 539
"../../../Engine/Content/Maps/Entry_BuiltData.uasset" 540
"../../../Engine/Content/Maps/Entry_BuiltData.uexp" 541
"../../../Engine/Content/Maps/Entry.uexp" 542
"../../../Engine/Content/Maps/Entry.umap" 543
"C:/Users/selke/OneDrive/Documents/Unreal Projects/ProjectFirstClass 5.3 5.4/Content/Geometry/shadowedSelkeLogo.uasset" 544
"C:/Users/selke/OneDrive/Documents/Unreal Projects/ProjectFirstClass 5.3 5.4/Content/Geometry/shadowedSelkeLogo.uexp" 545
"C:/Users/selke/OneDrive/Documents/Unreal Projects/ProjectFirstClass 5.3 5.4/Content/manaspc.uexp" 546
"C:/Users/selke/OneDrive/Documents/Unreal Projects/ProjectFirstClass 5.3 5.4/Content/manaspc.uasset" 547
"C:/Users/selke/OneDrive/Documents/Unreal Projects/ProjectFirstClass 5.3 5.4/Content/manaspc.ufont" 548
"C:/Users/selke/OneDrive/Documents/Unreal Projects/ProjectFirstClass 5.3 5.4/Content/manaspc_Font.uasset" 549
"C:/Users/selke/OneDrive/Documents/Unreal Projects/ProjectFirstClass 5.3 5.4/Content/manaspc_Font.uexp" 550
"C:/Users/selke/OneDrive/Documents/Unreal Projects/ProjectFirstClass 5.3 5.4/Content/Geometry/sparkle1.uasset" 551
"C:/Users/selke/OneDrive/Documents/Unreal Projects/ProjectFirstClass 5.3 5.4/Content/Geometry/sparkle1.uexp" 552
"C:/Users/selke/OneDrive/Documents/Unreal Projects/ProjectFirstClass 5.3 5.4/Content/Sound/SoundEffects.uasset" 553
"C:/Users/selke/OneDrive/Documents/Unreal Projects/ProjectFirstClass 5.3 5.4/Content/Sound/SoundEffects.uexp" 554
"C:/Users/selke/OneDrive/Documents/Unreal Projects/ProjectFirstClass 5.3 5.4/Content/Sound/newFlashLightSound.ubulk" 555
"C:/Users/selke/OneDrive/Documents/Unreal Projects/ProjectFirstClass 5.3 5.4/Content/Sound/newFlashLightSound.uasset" 556
"C:/Users/selke/OneDrive/Documents/Unreal Projects/ProjectFirstClass 5.3 5.4/Content/Sound/newFlashLightSound.uexp" 557
"C:/Users/selke/OneDrive/Documents/Unreal Projects/ProjectFirstClass 5.3 5.4/Content/Sound/flashLightAttenuation.uasset" 558
"C:/Users/selke/OneDrive/Documents/Unreal Projects/ProjectFirstClass 5.3 5.4/Content/Sound/flashLightAttenuation.uexp" 559
"C:/Users/selke/OneDrive/Documents/Unreal Projects/ProjectFirstClass 5.3 5.4/Content/Sound/flashLight_Cue.uasset" 560
"C:/Users/selke/OneDrive/Documents/Unreal Projects/ProjectFirstClass 5.3 5.4/Content/Sound/flashLight_Cue.uexp" 561
"C:/Users/selke/OneDrive/Documents/Unreal Projects/ProjectFirstClass 5.3 5.4/Content/Geometry/selkeIntroPullChain.uasset" 562
"C:/Users/selke/OneDrive/Documents/Unreal Projects/ProjectFirstClass 5.3 5.4/Content/Geometry/selkeIntroPullChain.uexp" 563
"C:/Users/selke/OneDrive/Documents/Unreal Projects/ProjectFirstClass 5.3 5.4/Content/Geometry/Selke_Studios-Logo-CorrectlySpaced.uasset" 564
"C:/Users/selke/OneDrive/Documents/Unreal Projects/ProjectFirstClass 5.3 5.4/Content/Geometry/Selke_Studios-Logo-CorrectlySpaced.uexp" 565
"C:/Users/selke/OneDrive/Documents/Unreal Projects/ProjectFirstClass 5.3 5.4/Content/Geometry/Selke_Studios-Logo-CorrectlySpaced_Sprite_0.uasset" 566
"C:/Users/selke/OneDrive/Documents/Unreal Projects/ProjectFirstClass 5.3 5.4/Content/Geometry/Selke_Studios-Logo-CorrectlySpaced_Sprite_0.uexp" 567
"C:/Users/selke/OneDrive/Documents/Unreal Projects/ProjectFirstClass 5.3 5.4/Content/Geometry/Selke_Studios-Logo-CorrectlySpaced_Sprite_1.uasset" 568
"C:/Users/selke/OneDrive/Documents/Unreal Projects/ProjectFirstClass 5.3 5.4/Content/Geometry/Selke_Studios-Logo-CorrectlySpaced_Sprite_1.uexp" 569
"C:/Users/selke/OneDrive/Documents/Unreal Projects/ProjectFirstClass 5.3 5.4/Content/Geometry/Selke_Studios-Logo-CorrectlySpaced_Sprite_2.uasset" 570
"C:/Users/selke/OneDrive/Documents/Unreal Projects/ProjectFirstClass 5.3 5.4/Content/Geometry/Selke_Studios-Logo-CorrectlySpaced_Sprite_2.uexp" 571
"C:/Users/selke/OneDrive/Documents/Unreal Projects/ProjectFirstClass 5.3 5.4/Content/Geometry/Selke_Studios-Logo-CorrectlySpaced_Sprite_3.uasset" 572
"C:/Users/selke/OneDrive/Documents/Unreal Projects/ProjectFirstClass 5.3 5.4/Content/Geometry/Selke_Studios-Logo-CorrectlySpaced_Sprite_3.uexp" 573
"C:/Users/selke/OneDrive/Documents/Unreal Projects/ProjectFirstClass 5.3 5.4/Content/Geometry/Selke_Studios-Logo-CorrectlySpaced_Sprite_4.uasset" 574
"C:/Users/selke/OneDrive/Documents/Unreal Projects/ProjectFirstClass 5.3 5.4/Content/Geometry/Selke_Studios-Logo-CorrectlySpaced_Sprite_4.uexp" 575
"C:/Users/selke/OneDrive/Documents/Unreal Projects/ProjectFirstClass 5.3 5.4/Content/Geometry/Selke_Studios-Logo-CorrectlySpaced_Sprite_8.uasset" 576
"C:/Users/selke/OneDrive/Documents/Unreal Projects/ProjectFirstClass 5.3 5.4/Content/Geometry/Selke_Studios-Logo-CorrectlySpaced_Sprite_8.uexp" 577
"C:/Users/selke/OneDrive/Documents/Unreal Projects/ProjectFirstClass 5.3 5.4/Content/Geometry/sparkle3.uasset" 578
"C:/Users/selke/OneDrive/Documents/Unreal Projects/ProjectFirstClass 5.3 5.4/Content/Geometry/sparkle3.uexp" 579
"C:/Users/selke/OneDrive/Documents/Unreal Projects/ProjectFirstClass 5.3 5.4/Content/directionPredicitonOrb_copy.uasset" 580
"C:/Users/selke/OneDrive/Documents/Unreal Projects/ProjectFirstClass 5.3 5.4/Content/directionPredicitonOrb_copy.uexp" 581
"C:/Users/selke/OneDrive/Documents/Unreal Projects/ProjectFirstClass 5.3 5.4/Content/Sound/pullChain1.ubulk" 582
"C:/Users/selke/OneDrive/Documents/Unreal Projects/ProjectFirstClass 5.3 5.4/Content/Sound/pullChain1.uasset" 583
"C:/Users/selke/OneDrive/Documents/Unreal Projects/ProjectFirstClass 5.3 5.4/Content/Sound/pullChain1.uexp" 584
"C:/Users/selke/OneDrive/Documents/Unreal Projects/ProjectFirstClass 5.3 5.4/Content/Sound/selkeSound.uasset" 585
"C:/Users/selke/OneDrive/Documents/Unreal Projects/ProjectFirstClass 5.3 5.4/Content/Sound/selkeSound.uexp" 586
"C:/Users/selke/OneDrive/Documents/Unreal Projects/ProjectFirstClass 5.3 5.4/Content/Sound/pullChain1_Cue.uasset" 587
"C:/Users/selke/OneDrive/Documents/Unreal Projects/ProjectFirstClass 5.3 5.4/Content/Sound/pullChain1_Cue.uexp" 588
"C:/Users/selke/OneDrive/Documents/Unreal Projects/ProjectFirstClass 5.3 5.4/Content/Sound/pullChain2.ubulk" 589
"C:/Users/selke/OneDrive/Documents/Unreal Projects/ProjectFirstClass 5.3 5.4/Content/Sound/pullChain2.uasset" 590
"C:/Users/selke/OneDrive/Documents/Unreal Projects/ProjectFirstClass 5.3 5.4/Content/Sound/pullChain2.uexp" 591
"C:/Users/selke/OneDrive/Documents/Unreal Projects/ProjectFirstClass 5.3 5.4/Content/Sound/pullChain2_Cue.uasset" 592
"C:/Users/selke/OneDrive/Documents/Unreal Projects/ProjectFirstClass 5.3 5.4/Content/Sound/pullChain2_Cue.uexp" 593
"C:/Users/selke/OneDrive/Documents/Unreal Projects/ProjectFirstClass 5.3 5.4/Content/Geometry/sparkle2.uasset" 594
"C:/Users/selke/OneDrive/Documents/Unreal Projects/ProjectFirstClass 5.3 5.4/Content/Geometry/sparkle2.uexp" 595
"C:/Users/selke/OneDrive/Documents/Unreal Projects/ProjectFirstClass 5.3 5.4/Content/selkeIntroWidget.uasset" 596
"C:/Users/selke/OneDrive/Documents/Unreal Projects/ProjectFirstClass 5.3 5.4/Content/selkeIntroWidget.uexp" 597
"C:/Users/selke/OneDrive/Documents/Unreal Projects/ProjectFirstClass 5.3 5.4/Content/Sound/selkeStudiosJingle.ubulk" 598
"C:/Users/selke/OneDrive/Documents/Unreal Projects/ProjectFirstClass 5.3 5.4/Content/Sound/selkeStudiosJingle.uasset" 599
"C:/Users/selke/OneDrive/Documents/Unreal Projects/ProjectFirstClass 5.3 5.4/Content/Sound/selkeStudiosJingle.uexp" 600
"C:/Users/selke/OneDrive/Documents/Unreal Projects/ProjectFirstClass 5.3 5.4/Content/Sound/selkeStudiosJingle_Cue.uasset" 601
"C:/Users/selke/OneDrive/Documents/Unreal Projects/ProjectFirstClass 5.3 5.4/Content/Sound/selkeStudiosJingle_Cue.uexp" 602
"C:/Users/selke/OneDrive/Documents/Unreal Projects/ProjectFirstClass 5.3 5.4/Content/Sound/selkeLightOn.ubulk" 603
"C:/Users/selke/OneDrive/Documents/Unreal Projects/ProjectFirstClass 5.3 5.4/Content/Sound/selkeLightOn.uasset" 604
"C:/Users/selke/OneDrive/Documents/Unreal Projects/ProjectFirstClass 5.3 5.4/Content/Sound/selkeLightOn.uexp" 605
"C:/Users/selke/OneDrive/Documents/Unreal Projects/ProjectFirstClass 5.3 5.4/Content/Blueprints/selkeWidgetSpawnerBP.uasset" 606
"C:/Users/selke/OneDrive/Documents/Unreal Projects/ProjectFirstClass 5.3 5.4/Content/Blueprints/selkeWidgetSpawnerBP.uexp" 607
"C:/Users/selke/OneDrive/Documents/Unreal Projects/ProjectFirstClass 5.3 5.4/Content/FlickerBPs/Maps/Selke_Intro.uexp" 608
"C:/Users/selke/OneDrive/Documents/Unreal Projects/ProjectFirstClass 5.3 5.4/Content/FlickerBPs/Maps/Selke_Intro.umap" 609
"C:/Users/selke/OneDrive/Documents/Unreal Projects/ProjectFirstClass 5.3 5.4/Content/Sound/BGMClass.uasset" 610
"C:/Users/selke/OneDrive/Documents/Unreal Projects/ProjectFirstClass 5.3 5.4/Content/Sound/BGMClass.uexp" 611
"C:/Users/selke/OneDrive/Documents/Unreal Projects/ProjectFirstClass 5.3 5.4/Content/Sound/forestAmbiance.ubulk" 612
"C:/Users/selke/OneDrive/Documents/Unreal Projects/ProjectFirstClass 5.3 5.4/Content/Sound/forestAmbiance.uasset" 613
"C:/Users/selke/OneDrive/Documents/Unreal Projects/ProjectFirstClass 5.3 5.4/Content/Sound/forestAmbiance.uexp" 614
"C:/Users/selke/OneDrive/Documents/Unreal Projects/ProjectFirstClass 5.3 5.4/Content/Sound/forestAmbiance_Cue.uasset" 615
"C:/Users/selke/OneDrive/Documents/Unreal Projects/ProjectFirstClass 5.3 5.4/Content/Sound/forestAmbiance_Cue.uexp" 616
"../../../Engine/Content/EngineMaterials/BlendFunc_DefBlend.uasset" 617
"../../../Engine/Content/EngineMaterials/BlendFunc_DefBlend.uexp" 618
"../../../Engine/Content/EngineMaterials/BlendFunc_DefBase.uasset" 619
"../../../Engine/Content/EngineMaterials/BlendFunc_DefBase.uexp" 620
"../../../Engine/Content/Functions/Engine_MaterialFunctions03/Blends/Blend_Overlay.uasset" 621
"../../../Engine/Content/Functions/Engine_MaterialFunctions03/Blends/Blend_Overlay.uexp" 622
"C:/Users/selke/OneDrive/Documents/Unreal Projects/ProjectFirstClass 5.3 5.4/Content/Meshes/startingLedgeTreeTexture.ubulk" 623
"C:/Users/selke/OneDrive/Documents/Unreal Projects/ProjectFirstClass 5.3 5.4/Content/Meshes/startingLedgeTreeTexture.uasset" 624
"C:/Users/selke/OneDrive/Documents/Unreal Projects/ProjectFirstClass 5.3 5.4/Content/Meshes/startingLedgeTreeTexture.uexp" 625
"C:/Users/selke/OneDrive/Documents/Unreal Projects/ProjectFirstClass 5.3 5.4/Content/Meshes/Material_002.uasset" 626
"C:/Users/selke/OneDrive/Documents/Unreal Projects/ProjectFirstClass 5.3 5.4/Content/Meshes/Material_002.uexp" 627
"C:/Users/selke/OneDrive/Documents/Unreal Projects/ProjectFirstClass 5.3 5.4/Content/Meshes/startingLedge.uasset" 628
"C:/Users/selke/OneDrive/Documents/Unreal Projects/ProjectFirstClass 5.3 5.4/Content/Meshes/startingLedge.uexp" 629
"../../../Engine/Content/Animation/DefaultAnimCurveCompressionSettings.uasset" 630
"../../../Engine/Content/Animation/DefaultAnimCurveCompressionSettings.uexp" 631
"../../../Engine/Plugins/Animation/ACLPlugin/Content/ACLAnimBoneCompressionSettings.uasset" 632
"../../../Engine/Plugins/Animation/ACLPlugin/Content/ACLAnimBoneCompressionSettings.uexp" 633
"../../../Engine/Content/Animation/DefaultVariableFrameStrippingSettings.uasset" 634
"../../../Engine/Content/Animation/DefaultVariableFrameStrippingSettings.uexp" 635
"C:/Users/selke/OneDrive/Documents/Unreal Projects/ProjectFirstClass 5.3 5.4/Content/FlickerBPs/final_flicker_animations2_Skeleton.uasset" 636
"C:/Users/selke/OneDrive/Documents/Unreal Projects/ProjectFirstClass 5.3 5.4/Content/FlickerBPs/final_flicker_animations2_Skeleton.uexp" 637
"C:/Users/selke/OneDrive/Documents/Unreal Projects/ProjectFirstClass 5.3 5.4/Content/FlickerBPs/Blueprints/startingSway.uasset" 638
"C:/Users/selke/OneDrive/Documents/Unreal Projects/ProjectFirstClass 5.3 5.4/Content/FlickerBPs/Blueprints/startingSway.uexp" 639
"C:/Users/selke/OneDrive/Documents/Unreal Projects/ProjectFirstClass 5.3 5.4/Content/Sound/SFXSoundMixClass.uasset" 640
"C:/Users/selke/OneDrive/Documents/Unreal Projects/ProjectFirstClass 5.3 5.4/Content/Sound/SFXSoundMixClass.uexp" 641
"C:/Users/selke/OneDrive/Documents/Unreal Projects/ProjectFirstClass 5.3 5.4/Content/Geometry/FL-UI-NewBack-Normal.uasset" 642
"C:/Users/selke/OneDrive/Documents/Unreal Projects/ProjectFirstClass 5.3 5.4/Content/Geometry/FL-UI-NewBack-Normal.uexp" 643
"C:/Users/selke/OneDrive/Documents/Unreal Projects/ProjectFirstClass 5.3 5.4/Content/Geometry/spike-Render.ubulk" 644
"C:/Users/selke/OneDrive/Documents/Unreal Projects/ProjectFirstClass 5.3 5.4/Content/Geometry/spike-Render.uasset" 645
"C:/Users/selke/OneDrive/Documents/Unreal Projects/ProjectFirstClass 5.3 5.4/Content/Geometry/spike-Render.uexp" 646
"C:/Users/selke/OneDrive/Documents/Unreal Projects/ProjectFirstClass 5.3 5.4/Content/Geometry/FL-pauseButton.uasset" 647
"C:/Users/selke/OneDrive/Documents/Unreal Projects/ProjectFirstClass 5.3 5.4/Content/Geometry/FL-pauseButton.uexp" 648
"C:/Users/selke/OneDrive/Documents/Unreal Projects/ProjectFirstClass 5.3 5.4/Content/Geometry/FL-UI-NewBack-Selected.uasset" 649
"C:/Users/selke/OneDrive/Documents/Unreal Projects/ProjectFirstClass 5.3 5.4/Content/Geometry/FL-UI-NewBack-Selected.uexp" 650
"C:/Users/selke/OneDrive/Documents/Unreal Projects/ProjectFirstClass 5.3 5.4/Content/Blueprints/BP_SaveGame.uasset" 651
"C:/Users/selke/OneDrive/Documents/Unreal Projects/ProjectFirstClass 5.3 5.4/Content/Blueprints/BP_SaveGame.uexp" 652
"C:/Users/selke/OneDrive/Documents/Unreal Projects/ProjectFirstClass 5.3 5.4/Content/Geometry/FL-UI-NewPlay-Selected.uasset" 653
"C:/Users/selke/OneDrive/Documents/Unreal Projects/ProjectFirstClass 5.3 5.4/Content/Geometry/FL-UI-NewPlay-Selected.uexp" 654
"C:/Users/selke/OneDrive/Documents/Unreal Projects/ProjectFirstClass 5.3 5.4/Content/Geometry/FL-lightBulbHandleSlider.uasset" 655
"C:/Users/selke/OneDrive/Documents/Unreal Projects/ProjectFirstClass 5.3 5.4/Content/Geometry/FL-lightBulbHandleSlider.uexp" 656
"C:/Users/selke/OneDrive/Documents/Unreal Projects/ProjectFirstClass 5.3 5.4/Content/Geometry/FL-Menu.uasset" 657
"C:/Users/selke/OneDrive/Documents/Unreal Projects/ProjectFirstClass 5.3 5.4/Content/Geometry/FL-Menu.uexp" 658
"C:/Users/selke/OneDrive/Documents/Unreal Projects/ProjectFirstClass 5.3 5.4/Content/Geometry/FL-UI-NewPlay-Normal.uasset" 659
"C:/Users/selke/OneDrive/Documents/Unreal Projects/ProjectFirstClass 5.3 5.4/Content/Geometry/FL-UI-NewPlay-Normal.uexp" 660
"C:/Users/selke/OneDrive/Documents/Unreal Projects/ProjectFirstClass 5.3 5.4/Content/fullImprovedLogo.ubulk" 661
"C:/Users/selke/OneDrive/Documents/Unreal Projects/ProjectFirstClass 5.3 5.4/Content/fullImprovedLogo.uasset" 662
"C:/Users/selke/OneDrive/Documents/Unreal Projects/ProjectFirstClass 5.3 5.4/Content/fullImprovedLogo.uexp" 663
"C:/Users/selke/OneDrive/Documents/Unreal Projects/ProjectFirstClass 5.3 5.4/Content/Sound/newFL-backSound.ubulk" 664
"C:/Users/selke/OneDrive/Documents/Unreal Projects/ProjectFirstClass 5.3 5.4/Content/Sound/newFL-backSound.uasset" 665
"C:/Users/selke/OneDrive/Documents/Unreal Projects/ProjectFirstClass 5.3 5.4/Content/Sound/newFL-backSound.uexp" 666
"C:/Users/selke/OneDrive/Documents/Unreal Projects/ProjectFirstClass 5.3 5.4/Content/Sound/FL-back_Cue.uasset" 667
"C:/Users/selke/OneDrive/Documents/Unreal Projects/ProjectFirstClass 5.3 5.4/Content/Sound/FL-back_Cue.uexp" 668
"C:/Users/selke/OneDrive/Documents/Unreal Projects/ProjectFirstClass 5.3 5.4/Content/FlickerBPs/Blueprints/startingSpin.uasset" 669
"C:/Users/selke/OneDrive/Documents/Unreal Projects/ProjectFirstClass 5.3 5.4/Content/FlickerBPs/Blueprints/startingSpin.uexp" 670
"C:/Users/selke/OneDrive/Documents/Unreal Projects/ProjectFirstClass 5.3 5.4/Content/Geometry/FL-optionsGear.uasset" 671
"C:/Users/selke/OneDrive/Documents/Unreal Projects/ProjectFirstClass 5.3 5.4/Content/Geometry/FL-optionsGear.uexp" 672
"C:/Users/selke/OneDrive/Documents/Unreal Projects/ProjectFirstClass 5.3 5.4/Content/Geometry/heightBehindBlock.uasset" 673
"C:/Users/selke/OneDrive/Documents/Unreal Projects/ProjectFirstClass 5.3 5.4/Content/Geometry/heightBehindBlock.uexp" 674
"C:/Users/selke/OneDrive/Documents/Unreal Projects/ProjectFirstClass 5.3 5.4/Content/Geometry/sliderBarBKND.uasset" 675
"C:/Users/selke/OneDrive/Documents/Unreal Projects/ProjectFirstClass 5.3 5.4/Content/Geometry/sliderBarBKND.uexp" 676
"C:/Users/selke/OneDrive/Documents/Unreal Projects/ProjectFirstClass 5.3 5.4/Content/Sound/FL-button.ubulk" 677
"C:/Users/selke/OneDrive/Documents/Unreal Projects/ProjectFirstClass 5.3 5.4/Content/Sound/FL-button.uasset" 678
"C:/Users/selke/OneDrive/Documents/Unreal Projects/ProjectFirstClass 5.3 5.4/Content/Sound/FL-button.uexp" 679
"C:/Users/selke/OneDrive/Documents/Unreal Projects/ProjectFirstClass 5.3 5.4/Content/Sound/FL-button_Cue.uasset" 680
"C:/Users/selke/OneDrive/Documents/Unreal Projects/ProjectFirstClass 5.3 5.4/Content/Sound/FL-button_Cue.uexp" 681
"C:/Users/selke/OneDrive/Documents/Unreal Projects/ProjectFirstClass 5.3 5.4/Content/Sound/ledgeGrabAttenuation.uasset" 682
"C:/Users/selke/OneDrive/Documents/Unreal Projects/ProjectFirstClass 5.3 5.4/Content/Sound/ledgeGrabAttenuation.uexp" 683
"C:/Users/selke/OneDrive/Documents/Unreal Projects/ProjectFirstClass 5.3 5.4/Content/FlickerBPs/Blueprints/backwardsSway.uasset" 684
"C:/Users/selke/OneDrive/Documents/Unreal Projects/ProjectFirstClass 5.3 5.4/Content/FlickerBPs/Blueprints/backwardsSway.uexp" 685
"C:/Users/selke/OneDrive/Documents/Unreal Projects/ProjectFirstClass 5.3 5.4/Content/FlickerBPs/Blueprints/newflickerTexture.uasset" 686
"C:/Users/selke/OneDrive/Documents/Unreal Projects/ProjectFirstClass 5.3 5.4/Content/FlickerBPs/Blueprints/newflickerTexture.uexp" 687
"C:/Users/selke/OneDrive/Documents/Unreal Projects/ProjectFirstClass 5.3 5.4/Content/Materials/eyeMat_textureCOords.uasset" 688
"C:/Users/selke/OneDrive/Documents/Unreal Projects/ProjectFirstClass 5.3 5.4/Content/Materials/eyeMat_textureCOords.uexp" 689
"C:/Users/selke/OneDrive/Documents/Unreal Projects/ProjectFirstClass 5.3 5.4/Content/Geometry/AirCoin-Get.ubulk" 690
"C:/Users/selke/OneDrive/Documents/Unreal Projects/ProjectFirstClass 5.3 5.4/Content/Geometry/AirCoin-Get.uasset" 691
"C:/Users/selke/OneDrive/Documents/Unreal Projects/ProjectFirstClass 5.3 5.4/Content/Geometry/AirCoin-Get.uexp" 692
"C:/Users/selke/OneDrive/Documents/Unreal Projects/ProjectFirstClass 5.3 5.4/Content/Geometry/AirCoin-Get_glitterEffect_0.uasset" 693
"C:/Users/selke/OneDrive/Documents/Unreal Projects/ProjectFirstClass 5.3 5.4/Content/Geometry/AirCoin-Get_glitterEffect_0.uexp" 694
"C:/Users/selke/OneDrive/Documents/Unreal Projects/ProjectFirstClass 5.3 5.4/Content/Geometry/AirCoin-Get_glitterEffect_1.uasset" 695
"C:/Users/selke/OneDrive/Documents/Unreal Projects/ProjectFirstClass 5.3 5.4/Content/Geometry/AirCoin-Get_glitterEffect_1.uexp" 696
"C:/Users/selke/OneDrive/Documents/Unreal Projects/ProjectFirstClass 5.3 5.4/Content/Geometry/AirCoin-Get_glitterEffect_2.uasset" 697
"C:/Users/selke/OneDrive/Documents/Unreal Projects/ProjectFirstClass 5.3 5.4/Content/Geometry/AirCoin-Get_glitterEffect_2.uexp" 698
"C:/Users/selke/OneDrive/Documents/Unreal Projects/ProjectFirstClass 5.3 5.4/Content/Geometry/AirCoin-Get_glitterEffect_3.uasset" 699
"C:/Users/selke/OneDrive/Documents/Unreal Projects/ProjectFirstClass 5.3 5.4/Content/Geometry/AirCoin-Get_glitterEffect_3.uexp" 700
"C:/Users/selke/OneDrive/Documents/Unreal Projects/ProjectFirstClass 5.3 5.4/Content/Geometry/AirCoin-Get_glitterEffect_4.uasset" 701
"C:/Users/selke/OneDrive/Documents/Unreal Projects/ProjectFirstClass 5.3 5.4/Content/Geometry/AirCoin-Get_glitterEffect_4.uexp" 702
"C:/Users/selke/OneDrive/Documents/Unreal Projects/ProjectFirstClass 5.3 5.4/Content/Geometry/AirCoin-Get_glitterEffect_5.uasset" 703
"C:/Users/selke/OneDrive/Documents/Unreal Projects/ProjectFirstClass 5.3 5.4/Content/Geometry/AirCoin-Get_glitterEffect_5.uexp" 704
"C:/Users/selke/OneDrive/Documents/Unreal Projects/ProjectFirstClass 5.3 5.4/Content/Geometry/AirCoin-Get_glitterEffect_6.uasset" 705
"C:/Users/selke/OneDrive/Documents/Unreal Projects/ProjectFirstClass 5.3 5.4/Content/Geometry/AirCoin-Get_glitterEffect_6.uexp" 706
"C:/Users/selke/OneDrive/Documents/Unreal Projects/ProjectFirstClass 5.3 5.4/Content/Geometry/glitterEffect_Animation.uasset" 707
"C:/Users/selke/OneDrive/Documents/Unreal Projects/ProjectFirstClass 5.3 5.4/Content/Geometry/glitterEffect_Animation.uexp" 708
"C:/Users/selke/OneDrive/Documents/Unreal Projects/ProjectFirstClass 5.3 5.4/Content/Blueprints/glitterEffect_BP.uasset" 709
"C:/Users/selke/OneDrive/Documents/Unreal Projects/ProjectFirstClass 5.3 5.4/Content/Blueprints/glitterEffect_BP.uexp" 710
"C:/Users/selke/OneDrive/Documents/Unreal Projects/ProjectFirstClass 5.3 5.4/Content/Materials/metal.uasset" 711
"C:/Users/selke/OneDrive/Documents/Unreal Projects/ProjectFirstClass 5.3 5.4/Content/Materials/metal.uexp" 712
"C:/Users/selke/OneDrive/Documents/Unreal Projects/ProjectFirstClass 5.3 5.4/Content/FlickerBPs/Blueprints/death.uasset" 713
"C:/Users/selke/OneDrive/Documents/Unreal Projects/ProjectFirstClass 5.3 5.4/Content/FlickerBPs/Blueprints/death.uexp" 714
"C:/Users/selke/OneDrive/Documents/Unreal Projects/ProjectFirstClass 5.3 5.4/Content/FlickerBPs/Blueprints/final_flicker_baseMesh_Skeleton.uasset" 715
"C:/Users/selke/OneDrive/Documents/Unreal Projects/ProjectFirstClass 5.3 5.4/Content/FlickerBPs/Blueprints/final_flicker_baseMesh_Skeleton.uexp" 716
"../../../Engine/Content/Animation/DefaultAnimBoneCompressionSettings.uasset" 717
"../../../Engine/Content/Animation/DefaultAnimBoneCompressionSettings.uexp" 718
"C:/Users/selke/OneDrive/Documents/Unreal Projects/ProjectFirstClass 5.3 5.4/Content/FlickerBPs/Blueprints/hanging.uasset" 719
"C:/Users/selke/OneDrive/Documents/Unreal Projects/ProjectFirstClass 5.3 5.4/Content/FlickerBPs/Blueprints/hanging.uexp" 720
"C:/Users/selke/OneDrive/Documents/Unreal Projects/ProjectFirstClass 5.3 5.4/Content/FlickerBPs/Blueprints/falling.uasset" 721
"C:/Users/selke/OneDrive/Documents/Unreal Projects/ProjectFirstClass 5.3 5.4/Content/FlickerBPs/Blueprints/falling.uexp" 722
"C:/Users/selke/OneDrive/Documents/Unreal Projects/ProjectFirstClass 5.3 5.4/Content/Materials/crumblingLedgeMat.uasset" 723
"C:/Users/selke/OneDrive/Documents/Unreal Projects/ProjectFirstClass 5.3 5.4/Content/Materials/crumblingLedgeMat.uexp" 724
"C:/Users/selke/OneDrive/Documents/Unreal Projects/ProjectFirstClass 5.3 5.4/Content/Meshes/ledgeMaterial.uasset" 725
"C:/Users/selke/OneDrive/Documents/Unreal Projects/ProjectFirstClass 5.3 5.4/Content/Meshes/ledgeMaterial.uexp" 726
"C:/Users/selke/OneDrive/Documents/Unreal Projects/ProjectFirstClass 5.3 5.4/Content/Meshes/ledge1.uasset" 727
"C:/Users/selke/OneDrive/Documents/Unreal Projects/ProjectFirstClass 5.3 5.4/Content/Meshes/ledge1.uexp" 728
"C:/Users/selke/OneDrive/Documents/Unreal Projects/ProjectFirstClass 5.3 5.4/Content/Meshes/enigmaticForceTexture.uasset" 729
"C:/Users/selke/OneDrive/Documents/Unreal Projects/ProjectFirstClass 5.3 5.4/Content/Meshes/enigmaticForceTexture.uexp" 730
"C:/Users/selke/OneDrive/Documents/Unreal Projects/ProjectFirstClass 5.3 5.4/Content/Meshes/EF_MAT.uasset" 731
"C:/Users/selke/OneDrive/Documents/Unreal Projects/ProjectFirstClass 5.3 5.4/Content/Meshes/EF_MAT.uexp" 732
"C:/Users/selke/OneDrive/Documents/Unreal Projects/ProjectFirstClass 5.3 5.4/Content/Geometry/EF-particleBubble.uasset" 733
"C:/Users/selke/OneDrive/Documents/Unreal Projects/ProjectFirstClass 5.3 5.4/Content/Geometry/EF-particleBubble.uexp" 734
"C:/Users/selke/OneDrive/Documents/Unreal Projects/ProjectFirstClass 5.3 5.4/Content/Geometry/EF-particleBubble_Sprite.uasset" 735
"C:/Users/selke/OneDrive/Documents/Unreal Projects/ProjectFirstClass 5.3 5.4/Content/Geometry/EF-particleBubble_Sprite.uexp" 736
"C:/Users/selke/OneDrive/Documents/Unreal Projects/ProjectFirstClass 5.3 5.4/Content/Geometry/EF-particleBubble_Flipbook.uasset" 737
"C:/Users/selke/OneDrive/Documents/Unreal Projects/ProjectFirstClass 5.3 5.4/Content/Geometry/EF-particleBubble_Flipbook.uexp" 738
"C:/Users/selke/OneDrive/Documents/Unreal Projects/ProjectFirstClass 5.3 5.4/Content/Blueprints/force_bubbleParticle_BP.uasset" 739
"C:/Users/selke/OneDrive/Documents/Unreal Projects/ProjectFirstClass 5.3 5.4/Content/Blueprints/force_bubbleParticle_BP.uexp" 740
"C:/Users/selke/OneDrive/Documents/Unreal Projects/ProjectFirstClass 5.3 5.4/Content/Blueprints/enigmaticForceTexture.uasset" 741
"C:/Users/selke/OneDrive/Documents/Unreal Projects/ProjectFirstClass 5.3 5.4/Content/Blueprints/enigmaticForceTexture.uexp" 742
"C:/Users/selke/OneDrive/Documents/Unreal Projects/ProjectFirstClass 5.3 5.4/Content/Blueprints/Material_001.uasset" 743
"C:/Users/selke/OneDrive/Documents/Unreal Projects/ProjectFirstClass 5.3 5.4/Content/Blueprints/Material_001.uexp" 744
"C:/Users/selke/OneDrive/Documents/Unreal Projects/ProjectFirstClass 5.3 5.4/Content/Blueprints/newEnigmaticForce.uasset" 745
"C:/Users/selke/OneDrive/Documents/Unreal Projects/ProjectFirstClass 5.3 5.4/Content/Blueprints/newEnigmaticForce.uexp" 746
"C:/Users/selke/OneDrive/Documents/Unreal Projects/ProjectFirstClass 5.3 5.4/Content/Blueprints/enigmaticForce.uasset" 747
"C:/Users/selke/OneDrive/Documents/Unreal Projects/ProjectFirstClass 5.3 5.4/Content/Blueprints/enigmaticForce.uexp" 748
"C:/Users/selke/OneDrive/Documents/Unreal Projects/ProjectFirstClass 5.3 5.4/Content/Blueprints/explodingLedge.uasset" 749
"C:/Users/selke/OneDrive/Documents/Unreal Projects/ProjectFirstClass 5.3 5.4/Content/Blueprints/explodingLedge.uexp" 750
"C:/Users/selke/OneDrive/Documents/Unreal Projects/ProjectFirstClass 5.3 5.4/Content/directionPredicitonOrb_copy_Sprite.uasset" 751
"C:/Users/selke/OneDrive/Documents/Unreal Projects/ProjectFirstClass 5.3 5.4/Content/directionPredicitonOrb_copy_Sprite.uexp" 752
"C:/Users/selke/OneDrive/Documents/Unreal Projects/ProjectFirstClass 5.3 5.4/Content/predictionOrbFlipBook.uasset" 753
"C:/Users/selke/OneDrive/Documents/Unreal Projects/ProjectFirstClass 5.3 5.4/Content/predictionOrbFlipBook.uexp" 754
"C:/Users/selke/OneDrive/Documents/Unreal Projects/ProjectFirstClass 5.3 5.4/Content/predictionOrb.uasset" 755
"C:/Users/selke/OneDrive/Documents/Unreal Projects/ProjectFirstClass 5.3 5.4/Content/predictionOrb.uexp" 756
"C:/Users/selke/OneDrive/Documents/Unreal Projects/ProjectFirstClass 5.3 5.4/Content/FlickerBPs/Blueprints/metal.uasset" 757
"C:/Users/selke/OneDrive/Documents/Unreal Projects/ProjectFirstClass 5.3 5.4/Content/FlickerBPs/Blueprints/metal.uexp" 758
"C:/Users/selke/OneDrive/Documents/Unreal Projects/ProjectFirstClass 5.3 5.4/Content/FlickerBPs/Blueprints/eyeMat_textureCOords.uasset" 759
"C:/Users/selke/OneDrive/Documents/Unreal Projects/ProjectFirstClass 5.3 5.4/Content/FlickerBPs/Blueprints/eyeMat_textureCOords.uexp" 760
"C:/Users/selke/OneDrive/Documents/Unreal Projects/ProjectFirstClass 5.3 5.4/Content/FlickerBPs/Blueprints/eyeMaterial_instance.uasset" 761
"C:/Users/selke/OneDrive/Documents/Unreal Projects/ProjectFirstClass 5.3 5.4/Content/FlickerBPs/Blueprints/eyeMaterial_instance.uexp" 762
"C:/Users/selke/OneDrive/Documents/Unreal Projects/ProjectFirstClass 5.3 5.4/Content/FlickerBPs/Blueprints/nonTransparentYellow.uasset" 763
"C:/Users/selke/OneDrive/Documents/Unreal Projects/ProjectFirstClass 5.3 5.4/Content/FlickerBPs/Blueprints/nonTransparentYellow.uexp" 764
"C:/Users/selke/OneDrive/Documents/Unreal Projects/ProjectFirstClass 5.3 5.4/Content/FlickerBPs/Blueprints/final_flicker_animations2_PhysicsAsset.uasset" 765
"C:/Users/selke/OneDrive/Documents/Unreal Projects/ProjectFirstClass 5.3 5.4/Content/FlickerBPs/Blueprints/final_flicker_animations2_PhysicsAsset.uexp" 766
"C:/Users/selke/OneDrive/Documents/Unreal Projects/ProjectFirstClass 5.3 5.4/Content/FlickerBPs/Blueprints/Material.uasset" 767
"C:/Users/selke/OneDrive/Documents/Unreal Projects/ProjectFirstClass 5.3 5.4/Content/FlickerBPs/Blueprints/Material.uexp" 768
"C:/Users/selke/OneDrive/Documents/Unreal Projects/ProjectFirstClass 5.3 5.4/Content/FlickerBPs/Blueprints/final_flicker_animations2.uasset" 769
"C:/Users/selke/OneDrive/Documents/Unreal Projects/ProjectFirstClass 5.3 5.4/Content/FlickerBPs/Blueprints/final_flicker_animations2.uexp" 770
"C:/Users/selke/OneDrive/Documents/Unreal Projects/ProjectFirstClass 5.3 5.4/Content/Sound/finalLedgeGrab.ubulk" 771
"C:/Users/selke/OneDrive/Documents/Unreal Projects/ProjectFirstClass 5.3 5.4/Content/Sound/finalLedgeGrab.uasset" 772
"C:/Users/selke/OneDrive/Documents/Unreal Projects/ProjectFirstClass 5.3 5.4/Content/Sound/finalLedgeGrab.uexp" 773
"C:/Users/selke/OneDrive/Documents/Unreal Projects/ProjectFirstClass 5.3 5.4/Content/Sound/ledgeGrab_Cue.uasset" 774
"C:/Users/selke/OneDrive/Documents/Unreal Projects/ProjectFirstClass 5.3 5.4/Content/Sound/ledgeGrab_Cue.uexp" 775
"C:/Users/selke/OneDrive/Documents/Unreal Projects/ProjectFirstClass 5.3 5.4/Content/Materials/nonTransparentYellow.uasset" 776
"C:/Users/selke/OneDrive/Documents/Unreal Projects/ProjectFirstClass 5.3 5.4/Content/Materials/nonTransparentYellow.uexp" 777
"C:/Users/selke/OneDrive/Documents/Unreal Projects/ProjectFirstClass 5.3 5.4/Content/FlickerBPs/Blueprints/zFlip.uasset" 778
"C:/Users/selke/OneDrive/Documents/Unreal Projects/ProjectFirstClass 5.3 5.4/Content/FlickerBPs/Blueprints/zFlip.uexp" 779
"C:/Users/selke/OneDrive/Documents/Unreal Projects/ProjectFirstClass 5.3 5.4/Content/Sound/flickerInTandemJump3.ubulk" 780
"C:/Users/selke/OneDrive/Documents/Unreal Projects/ProjectFirstClass 5.3 5.4/Content/Sound/flickerInTandemJump3.uasset" 781
"C:/Users/selke/OneDrive/Documents/Unreal Projects/ProjectFirstClass 5.3 5.4/Content/Sound/flickerInTandemJump3.uexp" 782
"C:/Users/selke/OneDrive/Documents/Unreal Projects/ProjectFirstClass 5.3 5.4/Content/Sound/flickerJump3_Cue.uasset" 783
"C:/Users/selke/OneDrive/Documents/Unreal Projects/ProjectFirstClass 5.3 5.4/Content/Sound/flickerJump3_Cue.uexp" 784
"C:/Users/selke/OneDrive/Documents/Unreal Projects/ProjectFirstClass 5.3 5.4/Content/FlickerBPs/Blueprints/xFlip.uasset" 785
"C:/Users/selke/OneDrive/Documents/Unreal Projects/ProjectFirstClass 5.3 5.4/Content/FlickerBPs/Blueprints/xFlip.uexp" 786
"C:/Users/selke/OneDrive/Documents/Unreal Projects/ProjectFirstClass 5.3 5.4/Content/Sound/flickerDeathSound_Cue.uasset" 787
"C:/Users/selke/OneDrive/Documents/Unreal Projects/ProjectFirstClass 5.3 5.4/Content/Sound/flickerDeathSound_Cue.uexp" 788
"C:/Users/selke/OneDrive/Documents/Unreal Projects/ProjectFirstClass 5.3 5.4/Content/FlickerBPs/Blueprints/standingOnLedge.uasset" 789
"C:/Users/selke/OneDrive/Documents/Unreal Projects/ProjectFirstClass 5.3 5.4/Content/FlickerBPs/Blueprints/standingOnLedge.uexp" 790
"C:/Users/selke/OneDrive/Documents/Unreal Projects/ProjectFirstClass 5.3 5.4/Content/Sound/improvedFirstFlickerJump.ubulk" 791
"C:/Users/selke/OneDrive/Documents/Unreal Projects/ProjectFirstClass 5.3 5.4/Content/Sound/improvedFirstFlickerJump.uasset" 792
"C:/Users/selke/OneDrive/Documents/Unreal Projects/ProjectFirstClass 5.3 5.4/Content/Sound/improvedFirstFlickerJump.uexp" 793
"C:/Users/selke/OneDrive/Documents/Unreal Projects/ProjectFirstClass 5.3 5.4/Content/Sound/flickerJump_Cue.uasset" 794
"C:/Users/selke/OneDrive/Documents/Unreal Projects/ProjectFirstClass 5.3 5.4/Content/Sound/flickerJump_Cue.uexp" 795
"C:/Users/selke/OneDrive/Documents/Unreal Projects/ProjectFirstClass 5.3 5.4/Content/Materials/Material.uasset" 796
"C:/Users/selke/OneDrive/Documents/Unreal Projects/ProjectFirstClass 5.3 5.4/Content/Materials/Material.uexp" 797
"C:/Users/selke/OneDrive/Documents/Unreal Projects/ProjectFirstClass 5.3 5.4/Content/FlickerBPs/Blueprints/Flicker.uasset" 798
"C:/Users/selke/OneDrive/Documents/Unreal Projects/ProjectFirstClass 5.3 5.4/Content/FlickerBPs/Blueprints/Flicker.uexp" 799
"C:/Users/selke/OneDrive/Documents/Unreal Projects/ProjectFirstClass 5.3 5.4/Content/Geometry/PFC-stupidTextFix.uasset" 800
"C:/Users/selke/OneDrive/Documents/Unreal Projects/ProjectFirstClass 5.3 5.4/Content/Geometry/PFC-stupidTextFix.uexp" 801
"C:/Users/selke/OneDrive/Documents/Unreal Projects/ProjectFirstClass 5.3 5.4/Content/Geometry/newProjectFirstClassPicture.uasset" 802
"C:/Users/selke/OneDrive/Documents/Unreal Projects/ProjectFirstClass 5.3 5.4/Content/Geometry/newProjectFirstClassPicture.uexp" 803
"C:/Users/selke/OneDrive/Documents/Unreal Projects/ProjectFirstClass 5.3 5.4/Content/Sound/BGMSoundMixClass.uasset" 804
"C:/Users/selke/OneDrive/Documents/Unreal Projects/ProjectFirstClass 5.3 5.4/Content/Sound/BGMSoundMixClass.uexp" 805
"C:/Users/selke/OneDrive/Documents/Unreal Projects/ProjectFirstClass 5.3 5.4/Content/Sound/New_Main_Theme_of_Flickering_Light.ubulk" 806
"C:/Users/selke/OneDrive/Documents/Unreal Projects/ProjectFirstClass 5.3 5.4/Content/Sound/New_Main_Theme_of_Flickering_Light.uasset" 807
"C:/Users/selke/OneDrive/Documents/Unreal Projects/ProjectFirstClass 5.3 5.4/Content/Sound/New_Main_Theme_of_Flickering_Light.uexp" 808
"C:/Users/selke/OneDrive/Documents/Unreal Projects/ProjectFirstClass 5.3 5.4/Content/Sound/Main_Theme_of_FLICKERING_LIGHT_Cue.uasset" 809
"C:/Users/selke/OneDrive/Documents/Unreal Projects/ProjectFirstClass 5.3 5.4/Content/Sound/Main_Theme_of_FLICKERING_LIGHT_Cue.uexp" 810
"C:/Users/selke/OneDrive/Documents/Unreal Projects/ProjectFirstClass 5.3 5.4/Content/Sound/menuPopUp.ubulk" 811
"C:/Users/selke/OneDrive/Documents/Unreal Projects/ProjectFirstClass 5.3 5.4/Content/Sound/menuPopUp.uasset" 812
"C:/Users/selke/OneDrive/Documents/Unreal Projects/ProjectFirstClass 5.3 5.4/Content/Sound/menuPopUp.uexp" 813
"C:/Users/selke/OneDrive/Documents/Unreal Projects/ProjectFirstClass 5.3 5.4/Content/Sound/menuPopUp_Cue.uasset" 814
"C:/Users/selke/OneDrive/Documents/Unreal Projects/ProjectFirstClass 5.3 5.4/Content/Sound/menuPopUp_Cue.uexp" 815
"C:/Users/selke/OneDrive/Documents/Unreal Projects/ProjectFirstClass 5.3 5.4/Content/mainWidget.uasset" 816
"C:/Users/selke/OneDrive/Documents/Unreal Projects/ProjectFirstClass 5.3 5.4/Content/mainWidget.uexp" 817
"C:/Users/selke/OneDrive/Documents/Unreal Projects/ProjectFirstClass 5.3 5.4/Content/startingLedge_new_Blueprint.uasset" 818
"C:/Users/selke/OneDrive/Documents/Unreal Projects/ProjectFirstClass 5.3 5.4/Content/startingLedge_new_Blueprint.uexp" 819
"../../../Engine/Plugins/2D/Paper2D/Content/TranslucentUnlitSpriteMaterial.uasset" 820
"../../../Engine/Plugins/2D/Paper2D/Content/TranslucentUnlitSpriteMaterial.uexp" 821
"C:/Users/selke/OneDrive/Documents/Unreal Projects/ProjectFirstClass 5.3 5.4/Content/Geometry/BKNDTrunk4.uasset" 822
"C:/Users/selke/OneDrive/Documents/Unreal Projects/ProjectFirstClass 5.3 5.4/Content/Geometry/BKNDTrunk4.uexp" 823
"C:/Users/selke/OneDrive/Documents/Unreal Projects/ProjectFirstClass 5.3 5.4/Content/Geometry/BKNDTrunk4_Sprite.uasset" 824
"C:/Users/selke/OneDrive/Documents/Unreal Projects/ProjectFirstClass 5.3 5.4/Content/Geometry/BKNDTrunk4_Sprite.uexp" 825
"C:/Users/selke/OneDrive/Documents/Unreal Projects/ProjectFirstClass 5.3 5.4/Content/Geometry/BKNDTrunk3.uasset" 826
"C:/Users/selke/OneDrive/Documents/Unreal Projects/ProjectFirstClass 5.3 5.4/Content/Geometry/BKNDTrunk3.uexp" 827
"C:/Users/selke/OneDrive/Documents/Unreal Projects/ProjectFirstClass 5.3 5.4/Content/Geometry/BKNDTrunk3_Sprite.uasset" 828
"C:/Users/selke/OneDrive/Documents/Unreal Projects/ProjectFirstClass 5.3 5.4/Content/Geometry/BKNDTrunk3_Sprite.uexp" 829
"C:/Users/selke/OneDrive/Documents/Unreal Projects/ProjectFirstClass 5.3 5.4/Content/Geometry/BKNDTrunk2.uasset" 830
"C:/Users/selke/OneDrive/Documents/Unreal Projects/ProjectFirstClass 5.3 5.4/Content/Geometry/BKNDTrunk2.uexp" 831
"C:/Users/selke/OneDrive/Documents/Unreal Projects/ProjectFirstClass 5.3 5.4/Content/Geometry/BKNDTrunk2_Sprite.uasset" 832
"C:/Users/selke/OneDrive/Documents/Unreal Projects/ProjectFirstClass 5.3 5.4/Content/Geometry/BKNDTrunk2_Sprite.uexp" 833
"C:/Users/selke/OneDrive/Documents/Unreal Projects/ProjectFirstClass 5.3 5.4/Content/Geometry/BKNDTrunk1.uasset" 834
"C:/Users/selke/OneDrive/Documents/Unreal Projects/ProjectFirstClass 5.3 5.4/Content/Geometry/BKNDTrunk1.uexp" 835
"C:/Users/selke/OneDrive/Documents/Unreal Projects/ProjectFirstClass 5.3 5.4/Content/Geometry/BKNDTrunk1_Sprite.uasset" 836
"C:/Users/selke/OneDrive/Documents/Unreal Projects/ProjectFirstClass 5.3 5.4/Content/Geometry/BKNDTrunk1_Sprite.uexp" 837
"C:/Users/selke/OneDrive/Documents/Unreal Projects/ProjectFirstClass 5.3 5.4/Content/Geometry/BKNDTrunk5.uasset" 838
"C:/Users/selke/OneDrive/Documents/Unreal Projects/ProjectFirstClass 5.3 5.4/Content/Geometry/BKNDTrunk5.uexp" 839
"C:/Users/selke/OneDrive/Documents/Unreal Projects/ProjectFirstClass 5.3 5.4/Content/Geometry/BKNDTrunk5_Sprite.uasset" 840
"C:/Users/selke/OneDrive/Documents/Unreal Projects/ProjectFirstClass 5.3 5.4/Content/Geometry/BKNDTrunk5_Sprite.uexp" 841
"C:/Users/selke/OneDrive/Documents/Unreal Projects/ProjectFirstClass 5.3 5.4/Content/Geometry/individualBKNDTrunksBP.uasset" 842
"C:/Users/selke/OneDrive/Documents/Unreal Projects/ProjectFirstClass 5.3 5.4/Content/Geometry/individualBKNDTrunksBP.uexp" 843
"C:/Users/selke/OneDrive/Documents/Unreal Projects/ProjectFirstClass 5.3 5.4/Content/Materials/Spiky-UVs.uasset" 844
"C:/Users/selke/OneDrive/Documents/Unreal Projects/ProjectFirstClass 5.3 5.4/Content/Materials/Spiky-UVs.uexp" 845
"C:/Users/selke/OneDrive/Documents/Unreal Projects/ProjectFirstClass 5.3 5.4/Content/Materials/spikeTexture_Mat.uasset" 846
"C:/Users/selke/OneDrive/Documents/Unreal Projects/ProjectFirstClass 5.3 5.4/Content/Materials/spikeTexture_Mat.uexp" 847
"C:/Users/selke/OneDrive/Documents/Unreal Projects/ProjectFirstClass 5.3 5.4/Content/Meshes/Material.uasset" 848
"C:/Users/selke/OneDrive/Documents/Unreal Projects/ProjectFirstClass 5.3 5.4/Content/Meshes/Material.uexp" 849
"C:/Users/selke/OneDrive/Documents/Unreal Projects/ProjectFirstClass 5.3 5.4/Content/Meshes/spike.uasset" 850
"C:/Users/selke/OneDrive/Documents/Unreal Projects/ProjectFirstClass 5.3 5.4/Content/Meshes/spike.uexp" 851
"C:/Users/selke/OneDrive/Documents/Unreal Projects/ProjectFirstClass 5.3 5.4/Content/Blueprints/obstacle.uasset" 852
"C:/Users/selke/OneDrive/Documents/Unreal Projects/ProjectFirstClass 5.3 5.4/Content/Blueprints/obstacle.uexp" 853
"C:/Users/selke/OneDrive/Documents/Unreal Projects/ProjectFirstClass 5.3 5.4/Content/Materials/orbitingLedge_Mat.uasset" 854
"C:/Users/selke/OneDrive/Documents/Unreal Projects/ProjectFirstClass 5.3 5.4/Content/Materials/orbitingLedge_Mat.uexp" 855
"C:/Users/selke/OneDrive/Documents/Unreal Projects/ProjectFirstClass 5.3 5.4/Content/Blueprints/orbitingLedge.uasset" 856
"C:/Users/selke/OneDrive/Documents/Unreal Projects/ProjectFirstClass 5.3 5.4/Content/Blueprints/orbitingLedge.uexp" 857
"C:/Users/selke/OneDrive/Documents/Unreal Projects/ProjectFirstClass 5.3 5.4/Content/Materials/straightLineMovingLedge_Mat.uasset" 858
"C:/Users/selke/OneDrive/Documents/Unreal Projects/ProjectFirstClass 5.3 5.4/Content/Materials/straightLineMovingLedge_Mat.uexp" 859
"C:/Users/selke/OneDrive/Documents/Unreal Projects/ProjectFirstClass 5.3 5.4/Content/Blueprints/movingLedge.uasset" 860
"C:/Users/selke/OneDrive/Documents/Unreal Projects/ProjectFirstClass 5.3 5.4/Content/Blueprints/movingLedge.uexp" 861
"C:/Users/selke/OneDrive/Documents/Unreal Projects/ProjectFirstClass 5.3 5.4/Content/Meshes/treeTrunkTexture.ubulk" 862
"C:/Users/selke/OneDrive/Documents/Unreal Projects/ProjectFirstClass 5.3 5.4/Content/Meshes/treeTrunkTexture.uasset" 863
"C:/Users/selke/OneDrive/Documents/Unreal Projects/ProjectFirstClass 5.3 5.4/Content/Meshes/treeTrunkTexture.uexp" 864
"C:/Users/selke/OneDrive/Documents/Unreal Projects/ProjectFirstClass 5.3 5.4/Content/Meshes/trunkMaterial.uasset" 865
"C:/Users/selke/OneDrive/Documents/Unreal Projects/ProjectFirstClass 5.3 5.4/Content/Meshes/trunkMaterial.uexp" 866
"C:/Users/selke/OneDrive/Documents/Unreal Projects/ProjectFirstClass 5.3 5.4/Content/Materials/cicrlingLedge_Mat.uasset" 867
"C:/Users/selke/OneDrive/Documents/Unreal Projects/ProjectFirstClass 5.3 5.4/Content/Materials/cicrlingLedge_Mat.uexp" 868
"C:/Users/selke/OneDrive/Documents/Unreal Projects/ProjectFirstClass 5.3 5.4/Content/Blueprints/circleLedge.uasset" 869
"C:/Users/selke/OneDrive/Documents/Unreal Projects/ProjectFirstClass 5.3 5.4/Content/Blueprints/circleLedge.uexp" 870
"C:/Users/selke/OneDrive/Documents/Unreal Projects/ProjectFirstClass 5.3 5.4/Content/Meshes/treeSection1.uasset" 871
"C:/Users/selke/OneDrive/Documents/Unreal Projects/ProjectFirstClass 5.3 5.4/Content/Meshes/treeSection1.uexp" 872
"C:/Users/selke/OneDrive/Documents/Unreal Projects/ProjectFirstClass 5.3 5.4/Content/Blueprints/testLedge.uasset" 873
"C:/Users/selke/OneDrive/Documents/Unreal Projects/ProjectFirstClass 5.3 5.4/Content/Blueprints/testLedge.uexp" 874
"C:/Users/selke/OneDrive/Documents/Unreal Projects/ProjectFirstClass 5.3 5.4/Content/Blueprints/trunk_BP.uasset" 875
"C:/Users/selke/OneDrive/Documents/Unreal Projects/ProjectFirstClass 5.3 5.4/Content/Blueprints/trunk_BP.uexp" 876
"C:/Users/selke/OneDrive/Documents/Unreal Projects/ProjectFirstClass 5.3 5.4/Content/Geometry/sunsetBKND.ubulk" 877
"C:/Users/selke/OneDrive/Documents/Unreal Projects/ProjectFirstClass 5.3 5.4/Content/Geometry/sunsetBKND.uasset" 878
"C:/Users/selke/OneDrive/Documents/Unreal Projects/ProjectFirstClass 5.3 5.4/Content/Geometry/sunsetBKND.uexp" 879
"C:/Users/selke/OneDrive/Documents/Unreal Projects/ProjectFirstClass 5.3 5.4/Content/Geometry/sunsetBKND_Sprite.uasset" 880
"C:/Users/selke/OneDrive/Documents/Unreal Projects/ProjectFirstClass 5.3 5.4/Content/Geometry/sunsetBKND_Sprite.uexp" 881
"C:/Users/selke/OneDrive/Documents/Unreal Projects/ProjectFirstClass 5.3 5.4/Content/Blueprints/enigmaSpawner.uasset" 882
"C:/Users/selke/OneDrive/Documents/Unreal Projects/ProjectFirstClass 5.3 5.4/Content/Blueprints/enigmaSpawner.uexp" 883
"C:/Users/selke/OneDrive/Documents/Unreal Projects/ProjectFirstClass 5.3 5.4/Content/Geometry/sunsetBKND_Flipbook.uasset" 884
"C:/Users/selke/OneDrive/Documents/Unreal Projects/ProjectFirstClass 5.3 5.4/Content/Geometry/sunsetBKND_Flipbook.uexp" 885
"C:/Users/selke/OneDrive/Documents/Unreal Projects/ProjectFirstClass 5.3 5.4/Content/Blueprints/sunsetForestBKND_Blueprint.uasset" 886
"C:/Users/selke/OneDrive/Documents/Unreal Projects/ProjectFirstClass 5.3 5.4/Content/Blueprints/sunsetForestBKND_Blueprint.uexp" 887
"C:/Users/selke/OneDrive/Documents/Unreal Projects/ProjectFirstClass 5.3 5.4/Content/FlickerBPs/Maps/ThirdPersonExampleMap_BuiltData.ubulk" 888
"C:/Users/selke/OneDrive/Documents/Unreal Projects/ProjectFirstClass 5.3 5.4/Content/FlickerBPs/Maps/ThirdPersonExampleMap_BuiltData.uasset" 889
"C:/Users/selke/OneDrive/Documents/Unreal Projects/ProjectFirstClass 5.3 5.4/Content/FlickerBPs/Maps/ThirdPersonExampleMap_BuiltData.uexp" 890
"C:/Users/selke/OneDrive/Documents/Unreal Projects/ProjectFirstClass 5.3 5.4/Content/FlickerBPs/Maps/ThirdPersonExampleMap.uexp" 891
"C:/Users/selke/OneDrive/Documents/Unreal Projects/ProjectFirstClass 5.3 5.4/Content/FlickerBPs/Maps/ThirdPersonExampleMap.umap" 892
