Log file open, 10/24/25 20:15:43
LogTrace: Initializing trace...
LogTrace: Finished trace initialization.
LogInit: Session CrashGUID >====================================================
         Session CrashGUID >   UECC-Windows-C88F296C45001B17CFB682B09A26F719
         Session CrashGUID >====================================================
LogConfig: No local boot hotfix file found at: [../../../../../../Users/selke/OneDrive/Documents/Unreal Projects/ProjectFirstClass 5.3 5.4 5.6/Saved/PersistentDownloadDir/HotfixForNextBoot.txt]
LogPluginManager: Mounting Engine plugin PlatformCrypto
LogInit: ExecutableName: UnrealPak.exe
LogInit: Build: ++UE5+Release-5.6-CL-44394996
LogInit: Platform=WindowsEditor
LogInit: MachineId=2bb9c9fb45feb9c6046ddbb31d2a9507
LogInit: DeviceId=
LogInit: Engine Version: 5.6.1-44394996+++UE5+Release-5.6
LogInit: Compatible Engine Version: 5.6.0-43139311+++UE5+Release-5.6
LogInit: Net CL: 43139311
LogInit: OS: Windows 11 (25H2) [10.0.26200.6899] (), CPU: AMD Ryzen 5 7600X 6-Core Processor             , GPU: NVIDIA GeForce RTX 4060 Ti
LogInit: Compiled (64-bit): Jul 28 2025 21:09:38
LogInit: Architecture: x64
LogInit: Compiled with Visual C++: 19.38.33130.00
LogInit: Build Configuration: Development
LogInit: Branch Name: ++UE5+Release-5.6
LogInit: Command Line: -CreateGlobalContainer="C:\Users\selke\OneDrive\Documents\Unreal Projects\ProjectFirstClass 5.3 5.4 5.6\Saved\StagedBuilds\Android_Multi\ProjectFirstClass_2\Content\Paks\global.utoc" -PackageStoreManifest="C:\Users\selke\OneDrive\Documents\Unreal Projects\ProjectFirstClass 5.3 5.4 5.6\Saved\Cooked\Android_Multi\ProjectFirstClass_2\Metadata\packagestore.manifest" -CookedDirectory="C:\Users\selke\OneDrive\Documents\Unreal Projects\ProjectFirstClass 5.3 5.4 5.6\Saved\Cooked\Android_Multi" -Commands="C:\Users\selke\AppData\Roaming\Unreal Engine\AutomationTool\Logs\C+Program+Files+UE+5.6.1+UE_5.6\IoStoreCommands.txt" -ScriptObjects="C:\Users\selke\OneDrive\Documents\Unreal Projects\ProjectFirstClass 5.3 5.4 5.6\Saved\Cooked\Android_Multi\ProjectFirstClass_2\Metadata\scriptobjects.bin" -patchpaddingalign=0 -compressionformats=Oodle -compresslevel=7 -compressmethod=Kraken -cryptokeys="C:\Users\selke\OneDrive\Documents\Unreal Projects\ProjectFirstClass 5.3 5.4 5.6\Saved\Cooked\Android_Multi\ProjectFirstClass_2\Metadata\Crypto.json" -compressionMinBytesSaved=1024 -compressionMinPercentSaved=5 -WriteBackMetadataToAssetRegistry=Disabled -nopak
LogInit: Base Directory: C:/Program Files/UE 5.6.1/UE_5.6/Engine/Binaries/Win64/
LogInit: Allocator: Mimalloc
LogInit: Installed Engine Build: 1
LogInit: This binary is optimized with LTO: no, PGO: no, instrumented for PGO data collection: no
LogDevObjectVersion: Number of dev versions registered: 35
LogDevObjectVersion:   Dev-Blueprints (B0D832E4-1F89-4F0D-ACCF-7EB736FD4AA2): 10
LogDevObjectVersion:   Dev-Build (E1C64328-A22C-4D53-A36C-8E866417BD8C): 0
LogDevObjectVersion:   Dev-Core (375EC13C-06E4-48FB-B500-84F0262A717E): 4
LogDevObjectVersion:   Dev-Editor (E4B068ED-F494-42E9-A231-DA0B2E46BB41): 40
LogDevObjectVersion:   Dev-Framework (CFFC743F-43B0-4480-9391-14DF171D2073): 37
LogDevObjectVersion:   Dev-Mobile (B02B49B5-BB20-44E9-A304-32B752E40360): 3
LogDevObjectVersion:   Dev-Networking (A4E4105C-59A1-49B5-A7C5-40C4547EDFEE): 0
LogDevObjectVersion:   Dev-Online (39C831C9-5AE6-47DC-9A44-9C173E1C8E7C): 0
LogDevObjectVersion:   Dev-Physics (78F01B33-EBEA-4F98-B9B4-84EACCB95AA2): 20
LogDevObjectVersion:   Dev-Platform (6631380F-2D4D-43E0-8009-CF276956A95A): 0
LogDevObjectVersion:   Dev-Rendering (12F88B9F-8875-4AFC-A67C-D90C383ABD29): 49
LogDevObjectVersion:   Dev-Sequencer (7B5AE74C-D270-4C10-A958-57980B212A5A): 13
LogDevObjectVersion:   Dev-VR (D7296918-1DD6-4BDD-9DE2-64A83CC13884): 3
LogDevObjectVersion:   Dev-LoadTimes (C2A15278-BFE7-4AFE-6C17-90FF531DF755): 1
LogDevObjectVersion:   Private-Geometry (6EACA3D4-40EC-4CC1-B786-8BED09428FC5): 3
LogDevObjectVersion:   Dev-AnimPhys (29E575DD-E0A3-4627-9D10-D276232CDCEA): 17
LogDevObjectVersion:   Dev-Anim (AF43A65D-7FD3-4947-9873-3E8ED9C1BB05): 15
LogDevObjectVersion:   Dev-ReflectionCapture (6B266CEC-1EC7-4B8F-A30B-E4D90942FC07): 1
LogDevObjectVersion:   Dev-Automation (0DF73D61-A23F-47EA-B727-89E90C41499A): 1
LogDevObjectVersion:   FortniteMain (601D1886-AC64-4F84-AA16-D3DE0DEAC7D6): 207
LogDevObjectVersion:   FortniteValkyrie (8DBC2C5B-54A7-43E0-A768-FCBB7DA29060): 8
LogDevObjectVersion:   FortniteSeason (5B4C06B7-2463-4AF8-805B-BF70CDF5D0DD): 13
LogDevObjectVersion:   FortniteRelease (E7086368-6B23-4C58-8439-1B7016265E91): 17
LogDevObjectVersion:   Dev-Enterprise (9DFFBCD6-494F-0158-E221-12823C92A888): 11
LogDevObjectVersion:   Dev-Niagara (F2AED0AC-9AFE-416F-8664-AA7FFA26D6FC): 1
LogDevObjectVersion:   Dev-Destruction (174F1F0B-B4C6-45A5-B13F-2EE8D0FB917D): 10
LogDevObjectVersion:   Dev-Physics-Ext (35F94A83-E258-406C-A318-09F59610247C): 41
LogDevObjectVersion:   Dev-PhysicsMaterial-Chaos (B68FC16E-8B1B-42E2-B453-215C058844FE): 1
LogDevObjectVersion:   Dev-CineCamera (B2E18506-4273-CFC2-A54E-F4BB758BBA07): 1
LogDevObjectVersion:   Dev-VirtualProduction (64F58936-FD1B-42BA-BA96-7289D5D0FA4E): 1
LogDevObjectVersion:   UE5-Main (697DD581-E64F-41AB-AA4A-51ECBEB7B628): 121
LogDevObjectVersion:   UE5-Release (D89B5E42-24BD-4D46-8412-ACA8DF641779): 56
LogDevObjectVersion:   UE5-SpecialProject (59DA5D52-1232-4948-B878-597870B8E98B): 9
LogDevObjectVersion:   Dev-MediaFramework (6F0ED827-A609-4895-9C91-998D90180EA4): 2
LogDevObjectVersion:   Dev-NaniteResearch (30D58BE3-95EA-4282-A6E3-B159D8EBB06A): 1
LogInit: Presizing for max 100000 objects, including 0 objects not considered by GC.
LogInit: Object subsystem initialized
LogConfig: Applying CVar settings from Section [Startup] File [../../../Engine/Config/ConsoleVariables.ini]
LogConfig: CVar [[r.DumpShaderDebugInfo:2]] deferred - dummy variable created
LogConfig: CVar [[p.chaos.AllowCreatePhysxBodies:1]] deferred - dummy variable created
LogConfig: CVar [[fx.SkipVectorVMBackendOptimizations:1]] deferred - dummy variable created
LogConfig: CVar [[ds.CADTranslator.Meshing.ActivateThinZoneMeshing:0]] deferred - dummy variable created
LogConfig: CVar [[ds.CADTranslator.Stitching.RemoveThinFaces:0]] deferred - dummy variable created
[2025.10.25-01.15.43:881][  0]LogConfig: Applying CVar settings from Section [Startup_Windows] File [../../../Engine/Config/ConsoleVariables.ini]
[2025.10.25-01.15.43:881][  0]LogConfig: Applying CVar settings from Section [ConsoleVariables] File [Engine]
[2025.10.25-01.15.43:881][  0]LogInit: Computer: SCOTTS-RAD-PC
[2025.10.25-01.15.43:881][  0]LogInit: User: selke
[2025.10.25-01.15.43:881][  0]LogInit: CPU Page size=4096, Cores=6
[2025.10.25-01.15.43:881][  0]LogInit: High frequency timer resolution =10.000000 MHz
[2025.10.25-01.15.43:881][  0]LogMemory: Process is running as part of a Windows Job with separate resource limits
[2025.10.25-01.15.43:881][  0]LogMemory: Memory total: Physical=31.1GB (32GB approx) Virtual=41.6GB
[2025.10.25-01.15.43:881][  0]LogMemory: Platform Memory Stats for WindowsEditor
[2025.10.25-01.15.43:881][  0]LogMemory: Process Physical Memory: 65.51 MB used, 65.51 MB peak
[2025.10.25-01.15.43:881][  0]LogMemory: Process Virtual Memory: 119.69 MB used, 119.69 MB peak
[2025.10.25-01.15.43:881][  0]LogMemory: Physical Memory: 15018.03 MB used,  16877.18 MB free, 31895.20 MB total
[2025.10.25-01.15.43:881][  0]LogMemory: Virtual Memory: 20902.21 MB used,  21744.99 MB free, 42647.20 MB total
[2025.10.25-01.15.43:887][  0]LogAssetRegistry: FAssetRegistry took 0.0001 seconds to start up
[2025.10.25-01.15.43:887][  0]LogUObjectArray: 462 objects as part of root set at end of initial load.
[2025.10.25-01.15.43:887][  0]LogUObjectArray: CloseDisregardForGC: 0/0 objects in disregard for GC pool
[2025.10.25-01.15.43:887][  0]LogInit: Using OS detected language ().
[2025.10.25-01.15.43:887][  0]LogInit: Using OS detected locale ().
[2025.10.25-01.15.43:888][  0]LogTextLocalizationManager: No localization for '' exists, so 'en' will be used for the language.
[2025.10.25-01.15.43:888][  0]LogTextLocalizationManager: No localization for '' exists, so 'en' will be used for the locale.
[2025.10.25-01.15.43:888][  0]LogInit: Using OS detected language ().
[2025.10.25-01.15.43:888][  0]LogInit: Using OS detected locale ().
[2025.10.25-01.15.43:888][  0]LogTextLocalizationManager: No localization for '' exists, so 'en' will be used for the language.
[2025.10.25-01.15.43:888][  0]LogTextLocalizationManager: No localization for '' exists, so 'en' will be used for the locale.
[2025.10.25-01.15.43:888][  0]LogPakFile: Display: ProjectDir: ../../../../../../Users/selke/OneDrive/Documents/Unreal Projects/ProjectFirstClass 5.3 5.4 5.6/
[2025.10.25-01.15.43:888][  0]LogIoStore: Display: ==================== IoStore Utils ====================
[2025.10.25-01.15.43:888][  0]LogIoStore: Display: Parsing crypto keys from a crypto key cache file 'C:\Users\selke\OneDrive\Documents\Unreal Projects\ProjectFirstClass 5.3 5.4 5.6\Saved\Cooked\Android_Multi\ProjectFirstClass_2\Metadata\Crypto.json'
[2025.10.25-01.15.43:888][  0]LogIoStore: Display: Container signing - DISABLED
[2025.10.25-01.15.43:888][  0]LogIoStore: Display: Directory index - ENABLED
[2025.10.25-01.15.43:888][  0]LogIoStore: Display: Using compression format 'Oodle'
[2025.10.25-01.15.43:888][  0]LogIoStore: Display: Using memory mapping alignment '16384'
[2025.10.25-01.15.43:888][  0]LogIoStore: Display: Using compression block size '65536'
[2025.10.25-01.15.43:888][  0]LogIoStore: Display: Using compression block alignment '0'
[2025.10.25-01.15.43:888][  0]LogIoStore: Display: Using compression min bytes saved '1024'
[2025.10.25-01.15.43:888][  0]LogIoStore: Display: Using compression min percent saved '5'
[2025.10.25-01.15.43:888][  0]LogIoStore: Display: Using max partition size '0'
[2025.10.25-01.15.43:888][  0]LogIoStore: Display: Not using DDC for compression
[2025.10.25-01.15.43:888][  0]LogIoStore: Display: Using command list file: 'C:\Users\selke\AppData\Roaming\Unreal Engine\AutomationTool\Logs\C+Program+Files+UE+5.6.1+UE_5.6\IoStoreCommands.txt'
[2025.10.25-01.15.43:901][  0]LogIoStore: Display: Selected Oodle level 7 (Optimal3) from command line for shaders
[2025.10.25-01.15.43:901][  0]LogIoStore: Display: Fetched 565 oplog items from Manifest in 0.00 seconds
[2025.10.25-01.15.43:903][  0]LogIoStore: Display: Parsed 565 oplog items 0.00 seconds, 696 chunks
[2025.10.25-01.15.43:906][  0]LogIoStore: Display: Using input asset registry: C:/Users/selke/OneDrive/Documents/Unreal Projects/ProjectFirstClass 5.3 5.4 5.6/Saved/Cooked/Android_Multi/ProjectFirstClass_2/Metadata/DevelopmentAssetRegistry.bin
[2025.10.25-01.15.43:909][  0]LogIoStore: Display: Loaded 131 chunk hashes from AssetRegistry in 0.01 seconds, 131 hashes updated in 0.00 seconds
[2025.10.25-01.15.43:910][  0]LogIoStore: Display: Searching for cooked assets in folder 'C:\Users\selke\OneDrive\Documents\Unreal Projects\ProjectFirstClass 5.3 5.4 5.6\Saved\Cooked\Android_Multi'
[2025.10.25-01.15.43:924][  0]LogIoStore: Display: Found '1260' files
[2025.10.25-01.15.43:934][  0]LogIoStore: Display: Creating container targets...
[2025.10.25-01.15.43:936][  0]OodleDataCompression: Display: Oodle v2.9.13 format for pak/iostore with method=Kraken, level=7=Optimal3
[2025.10.25-01.15.43:971][  0]LogIoStore: Display: Parsing packages...
[2025.10.25-01.15.43:971][  0]LogIoStore: Display: Reading package assets...
[2025.10.25-01.15.43:975][  0]LogIoStore: Display: Packages read 555 files in 0.00 seconds, 929,340 total bytes, 231,588,128 bytes per second
[2025.10.25-01.15.43:977][  0]LogIoStore: Display: Processing shader libraries, compressing with Oodle Mermaid, level 7 (Optimal3)
[2025.10.25-01.15.43:979][  0]LogShaderLibrary: Display: Created IoStoreShaderArchive header: shaders grouped in 155 groups (68 of them didn't need new indices), average uncompressed size 106378 bytes, min 281 bytes, max 1038791 bytes (r.ShaderCodeLibrary.MaxShaderGroupSize=1048576)
[2025.10.25-01.15.44:374][  0]LogIoStore: Display: Global-GLSL_ES3_1_ANDROID(OPENGL_ES3_1_ANDROID): Recompressed 1463 shaders as 155 groups. Library size changed from 4031 KB (3.99 : 1 ratio) to 1127 KB (14.28 : 1 ratio), 27.97% of previous.
[2025.10.25-01.15.44:376][  0]LogShaderLibrary: Display: Created IoStoreShaderArchive header: shaders grouped in 164 groups (67 of them didn't need new indices), average uncompressed size 114151 bytes, min 493 bytes, max 949007 bytes (r.ShaderCodeLibrary.MaxShaderGroupSize=1048576)
[2025.10.25-01.15.44:848][  0]LogIoStore: Display: Global-SF_VULKAN_ES31_ANDROID(VULKAN_ES3_1_ANDROID): Recompressed 1519 shaders as 164 groups. Library size changed from 5282 KB (3.46 : 1 ratio) to 2512 KB (7.28 : 1 ratio), 47.55% of previous.
[2025.10.25-01.15.44:850][  0]LogShaderLibrary: Display: Created IoStoreShaderArchive header: shaders grouped in 147 groups (67 of them didn't need new indices), average uncompressed size 163577 bytes, min 269 bytes, max 963048 bytes (r.ShaderCodeLibrary.MaxShaderGroupSize=1048576)
[2025.10.25-01.15.45:305][  0]LogIoStore: Display: ProjectFirstClass_2-GLSL_ES3_1_ANDROID(OPENGL_ES3_1_ANDROID): Recompressed 1155 shaders as 147 groups. Library size changed from 6041 KB (3.89 : 1 ratio) to 1502 KB (15.62 : 1 ratio), 24.88% of previous.
[2025.10.25-01.15.45:308][  0]LogShaderLibrary: Display: Created IoStoreShaderArchive header: shaders grouped in 153 groups (69 of them didn't need new indices), average uncompressed size 223629 bytes, min 1336 bytes, max 1049446 bytes (r.ShaderCodeLibrary.MaxShaderGroupSize=1048576)
[2025.10.25-01.15.46:028][  0]LogIoStore: Display: ProjectFirstClass_2-SF_VULKAN_ES31_ANDROID(VULKAN_ES3_1_ANDROID): Recompressed 1316 shaders as 153 groups. Library size changed from 8483 KB (3.94 : 1 ratio) to 3768 KB (8.87 : 1 ratio), 44.42% of previous.
[2025.10.25-01.15.46:029][  0]LogIoStore: Display: Shaders processed in 2.05 seconds
[2025.10.25-01.15.46:029][  0]LogIoStore: Display: Initialized WriteRequestManager with MaxConcurrentSourceReads=6 (12 cores), MaxSourceBufferMemory=3072MiB
[2025.10.25-01.15.46:031][  0]LogIoStore: Display: Processing redirects...
[2025.10.25-01.15.46:031][  0]LogIoStore: Display: Creating disk layout...
[2025.10.25-01.15.46:032][  0]LogIoStore: Display: Ordered 555 packages using fallback bundle order
[2025.10.25-01.15.46:038][  0]LogIoStore: Display: Serializing container(s)...
[2025.10.25-01.15.47:060][  0]LogIoStore: Display: Writing and compressing took 1.01 seconds, writes to disk took 0.02 seconds for 25,465,792 bytes @ 1,093,468,676 bytes per second.
[2025.10.25-01.15.47:060][  0]LogIoStore: Display: global: Found perfect hashmap for 1 items.
[2025.10.25-01.15.47:061][  0]LogIoStore: Display: ProjectFirstClass_2-Android_Multi: Found perfect hashmap for 1319 items.
[2025.10.25-01.15.47:065][  0]LogIoStore: Display: Finalize took 0.0 seconds for 2 writers to write 119,525 bytes, 27,316,878 bytes per second
[2025.10.25-01.15.47:065][  0]LogIoStore: Display: Writing tocs... [Physical: 701 MiB, Virtual: 3533 MiB]
[2025.10.25-01.15.47:065][  0]LogIoStore: Display: 131 / 1,320 hashes were loaded from the hash database, by type:
[2025.10.25-01.15.47:065][  0]LogIoStore: Display:     BulkData                   131
[2025.10.25-01.15.47:065][  0]LogIoStore: Display: 686 / 1,320 chunks attempted to compress, by type:
[2025.10.25-01.15.47:065][  0]LogIoStore: Display:     ExportBundleData           555 / 555
[2025.10.25-01.15.47:065][  0]LogIoStore: Display:     BulkData                   131 / 131
[2025.10.25-01.15.47:065][  0]LogIoStore: Display:     MemoryMappedBulkData       0 / 9
[2025.10.25-01.15.47:065][  0]LogIoStore: Display:     ScriptObjects              0 / 1
[2025.10.25-01.15.47:065][  0]LogIoStore: Display:     ContainerHeader            0 / 1
[2025.10.25-01.15.47:065][  0]LogIoStore: Display:     ShaderCodeLibrary          0 / 4
[2025.10.25-01.15.47:065][  0]LogIoStore: Display:     ShaderCode                 0 / 619
[2025.10.25-01.15.47:065][  0]LogIoStore: Display: Source bytes read:
[2025.10.25-01.15.47:065][  0]LogIoStore: Display:     Zen:                                  0
[2025.10.25-01.15.47:065][  0]LogIoStore: Display:     Loose File:                  71,568,743
[2025.10.25-01.15.47:065][  0]LogIoStore: Display:         ExportBundleData         66,084,074 bytes over 1,110 reads
[2025.10.25-01.15.47:065][  0]LogIoStore: Display:         BulkData                  5,465,547 bytes over 131 reads
[2025.10.25-01.15.47:065][  0]LogIoStore: Display:         MemoryMappedBulkData         19,122 bytes over 18 reads
[2025.10.25-01.15.47:065][  0]LogIoStore: Display:     Memory:                      18,708,406
[2025.10.25-01.15.47:065][  0]LogIoStore: Display:         ShaderCodeLibrary           458,136 bytes over 8 reads
[2025.10.25-01.15.47:065][  0]LogIoStore: Display:         ShaderCode               18,250,270 bytes over 1,238 reads
[2025.10.25-01.15.47:065][  0]LogIoStore: Display: Calculating stats...
[2025.10.25-01.15.47:065][  0]LogIoStore: Display: 
[2025.10.25-01.15.47:065][  0]LogIoStore: Display: Container Summary
[2025.10.25-01.15.47:065][  0]LogIoStore: Display: ==================
[2025.10.25-01.15.47:065][  0]LogIoStore: Display: 
[2025.10.25-01.15.47:065][  0]LogIoStore: Display: Container                                               Flags      Chunk(s) #       TOC (KiB)       Raw Size (MiB)           Size (MiB)
[2025.10.25-01.15.47:065][  0]LogIoStore: Display: ----------------------------------------------------------------------------------------------------------------------------------------------
[2025.10.25-01.15.47:065][  0]LogIoStore: Display: global                                              -/-/-/-/-               1            0.66                 2.47                 2.47 -
[2025.10.25-01.15.47:065][  0]LogIoStore: Display: ProjectFirstClass_2-Android_Multi                   C/-/-/I/-            1319          116.07                46.35                21.83 (52.90% Oodle)
[2025.10.25-01.15.47:065][  0]LogIoStore: Display: ----------------------------------------------------------------------------------------------------------------------------------------------
[2025.10.25-01.15.47:065][  0]LogIoStore: Display: Total                                                                    1320          116.72                48.81                24.29
[2025.10.25-01.15.47:065][  0]LogIoStore: Display: 
[2025.10.25-01.15.47:065][  0]LogIoStore: Display: ** Flags: (C)ompressed / (E)ncrypted / (S)igned) / (I)ndexed) / (O)nDemand **
[2025.10.25-01.15.47:065][  0]LogIoStore: Display: 
[2025.10.25-01.15.47:065][  0]LogIoStore: Display: Compression block padding:     0.13 MiB
[2025.10.25-01.15.47:065][  0]LogIoStore: Display: 
[2025.10.25-01.15.47:065][  0]LogIoStore: Display: Container Directory Index
[2025.10.25-01.15.47:065][  0]LogIoStore: Display: ==========================
[2025.10.25-01.15.47:065][  0]LogIoStore: Display: 
[2025.10.25-01.15.47:065][  0]LogIoStore: Display: Container                                          Size (KiB)
[2025.10.25-01.15.47:065][  0]LogIoStore: Display: ----------------------------------------------------------------------------------------------------------------------------------------------
[2025.10.25-01.15.47:065][  0]LogIoStore: Display: global                                                   0.00
[2025.10.25-01.15.47:065][  0]LogIoStore: Display: ProjectFirstClass_2-Android_Multi                       32.13
[2025.10.25-01.15.47:065][  0]LogIoStore: Display: 
[2025.10.25-01.15.47:065][  0]LogIoStore: Display: Container Patch Report
[2025.10.25-01.15.47:065][  0]LogIoStore: Display: ========================
[2025.10.25-01.15.47:065][  0]LogIoStore: Display: 
[2025.10.25-01.15.47:065][  0]LogIoStore: Display: Container                                             Total #       Modified #          Added #   Modified (MiB)      Added (MiB)
[2025.10.25-01.15.47:065][  0]LogIoStore: Display: ----------------------------------------------------------------------------------------------------------------------------------------------
[2025.10.25-01.15.47:065][  0]LogIoStore: Display: global                                                      1                0                0             0.00             0.00
[2025.10.25-01.15.47:065][  0]LogIoStore: Display: ProjectFirstClass_2-Android_Multi                        1319                0             1319             0.00            21.70
[2025.10.25-01.15.47:065][  0]LogIoStore: Display: 
[2025.10.25-01.15.47:065][  0]LogIoStore: Display: PackageStore
[2025.10.25-01.15.47:065][  0]LogIoStore: Display: =============
[2025.10.25-01.15.47:065][  0]LogIoStore: Display: 
[2025.10.25-01.15.47:065][  0]LogIoStore: Display: Container                                          Size (KiB)      Packages #     Localized #
[2025.10.25-01.15.47:065][  0]LogIoStore: Display: ----------------------------------------------------------------------------------------------------------------------------------------------
[2025.10.25-01.15.47:065][  0]LogIoStore: Display: ProjectFirstClass_2-Android_Multi                          19             555               0
[2025.10.25-01.15.47:065][  0]LogIoStore: Display: ----------------------------------------------------------------------------------------------------------------------------------------------
[2025.10.25-01.15.47:065][  0]LogIoStore: Display: Total                                                      19             555               0
[2025.10.25-01.15.47:065][  0]LogIoStore: Display: 
[2025.10.25-01.15.47:065][  0]LogIoStore: Display: 
[2025.10.25-01.15.47:065][  0]LogIoStore: Display: Input:       555 Packages
[2025.10.25-01.15.47:065][  0]LogIoStore: Display: Input:      0.03 GB UExp
[2025.10.25-01.15.47:065][  0]LogIoStore: Display: Input:      0.00 GB UAsset
[2025.10.25-01.15.47:065][  0]LogIoStore: Display: Input:      0.01 GB UBulk
[2025.10.25-01.15.47:065][  0]LogIoStore: Display: Input:      3.55 MB for 319 Global shaders
[2025.10.25-01.15.47:065][  0]LogIoStore: Display: Input:      0.44 MB for 118 Shared shaders
[2025.10.25-01.15.47:065][  0]LogIoStore: Display: Input:      0.00 MB for 0 Unique shaders
[2025.10.25-01.15.47:065][  0]LogIoStore: Display: Input:      4.70 MB for 182 Inline shaders
[2025.10.25-01.15.47:065][  0]LogIoStore: Display: 
[2025.10.25-01.15.47:065][  0]LogIoStore: Display: Output:     4970 Name map entries
[2025.10.25-01.15.47:065][  0]LogIoStore: Display: Output:      691 Imported package entries
[2025.10.25-01.15.47:065][  0]LogIoStore: Display: Output:      288 Packages without imports
[2025.10.25-01.15.47:065][  0]LogIoStore: Display: Output:        0 Public runtime script objects
[2025.10.25-01.15.47:066][  0]LogIoStore: Display: Output:     0.00 GB HeaderData
[2025.10.25-01.15.47:066][  0]LogIoStore: Display: Output:     2.47 MB InitialLoadData
[2025.10.25-01.15.47:066][  0]LogIoStore: Display: 
[2025.10.25-01.15.47:069][  0]LogPakFile: Display: UnrealPak executed in 3.180353 seconds
[2025.10.25-01.15.47:084][  0]LogCore: Engine exit requested (reason: UnrealPak Exiting)
[2025.10.25-01.15.47:084][  0]LogExit: Preparing to exit.
[2025.10.25-01.15.47:084][  0]LogExit: Object subsystem successfully closed.
[2025.10.25-01.15.47:086][  0]LogPakFile: Destroying PakPlatformFile
[2025.10.25-01.15.47:086][  0]LogExit: Exiting.
[2025.10.25-01.15.47:099][  0]Log file closed, 10/24/25 20:15:47
